2025-07-09 22:12:14,992 - INFO - Starting PDF data extraction from: 2024-Cutoff-Maharashtra.pdf for 17 page(s) using PDFPlumber strategy.
2025-07-09 22:12:14,992 - INFO - Output will be written to: standalone_17_page_run_output.csv
2025-07-09 22:12:15,922 - INFO - Will process 17 page(s) out of 1590 actual pages.
2025-07-09 22:12:15,923 - INFO - Processing Page: 1
2025-07-09 22:12:16,109 - INFO - Page 1: Matched College (from PyPDF2 text): 01002 - Government College of Engineering, Amravati
2025-07-09 22:12:16,109 - INFO - Page 1: Matched Course (from PyPDF2 text): 0100219110 - Civil Engineering
2025-07-09 22:12:16,109 - INFO - Page 1: Matched Status (from PyPDF2 text): Government Autonomous Home University : Autonomous Institute
2025-07-09 22:12:16,392 - INFO - Page 1: PDFPlumber found 4 tables for course Civil Engineering.
2025-07-09 22:12:16,392 - INFO -   Processing PDFPlumber table 1 on page 1 for course Civil Engineering
2025-07-09 22:12:16,393 - INFO -     Identified Header Row: ['', 'GOPENS', 'GSCS', 'GSTS', 'GVJS', 'GNT1S', 'GNT2S', 'GNT3S', 'GOBCS', 'GSEBCS', 'LOPENS', 'LSCS', 'LSTS', 'LVJS', 'LNT2S', 'LOBCS', 'LSEBCS', 'PWDOPENS', 'PWDOBCS', 'DEFOPENS', 'DEFOBCS', 'TFWS', 'PWDROBC S', 'DEFRSEBC S', 'EWS']
2025-07-09 22:12:16,393 - INFO -     Processing Data Row (Stage I): ['I', '34240 (88.5013511)', '62739 (77.8445199)', '91124 (65.8812284)', '54224 (81.2928705)', '34281 (88.4426131)', '41658 (85.7455441)', '35923 (87.8945473)', '42649 (85.3822102)', '69130 (75.3516004)', '35071 (88.1228442)', '47557 (83.6393990)', '89332 (66.8505265)', '54046 (81.3738935)', '80230 (70.8722936)', '47396 (83.6467428)', '112136 (55.2318816)', '115494 (53.7694785)', '153595 (27.6622718)', '88930 (67.0458361)', '124882 (47.9842799)', '41891 (85.5352459)', '155782 (25.6482713)', '120638 (50.6340761)', '90204 (66.1855163)']
2025-07-09 22:12:16,393 - INFO -   Processing PDFPlumber table 2 on page 1 for course Civil Engineering
2025-07-09 22:12:16,393 - INFO -     Identified Header Row: ['', 'GOPENS', 'GSCS', 'GSTS', 'GVJS', 'GNT1S', 'GNT2S', 'GOBCS', 'GSEBCS', 'LOPENS', 'LSCS', 'LSTS', 'LNT1S', 'LNT3S', 'LOBCS', 'LSEBCS', 'PWDOPENS', 'PWDOBCS', 'DEFOPENS', 'DEFOBCS', 'TFWS', 'PWDRSCS', 'DEFROBCS', 'ORPHAN', 'EWS']
2025-07-09 22:12:16,393 - INFO -     Processing Data Row (Stage I): ['I', '7872 (97.3911937)', '17571 (94.1713006)', '56026 (80.5896708)', '17052 (94.3331807)', '16746 (94.4433332)', '16443 (94.5541467)', '8931 (97.0436452)', '15942 (94.6903844)', '9308 (96.9066937)', '15485 (94.8376426)', '45930 (84.2430574)', '20457 (93.2139295)', '23863 (92.0214155)', '9823 (96.7545639)', '15409 (94.8397684)', '33711 (88.6037289)', '49777 (82.7778711)', '27598 (90.7773660)', '36001 (87.8152279)', '5518 (98.1177725)', '46875 (83.7529730)', '31634 (89.3071786)', '40407 (86.1764583)', '13851 (95.3932298)']
2025-07-09 22:12:16,393 - INFO -   Processing PDFPlumber table 3 on page 1 for course Civil Engineering
2025-07-09 22:12:16,393 - INFO -     Identified Header Row: ['', 'GOPENS', 'GSCS', 'GSTS', 'GVJS', 'GNT1S', 'GNT2S', 'GNT3S', 'GOBCS', 'GSEBCS', 'LOPENS', 'LSCS', 'LSTS', 'LNT2S', 'LOBCS', 'LSEBCS', 'PWDOPENS', 'PWDOBCS', 'DEFOPENS', 'DEFOBCS', 'TFWS', 'PWDRSCS', 'DEFRNT1S', 'ORPHAN', 'EWS']
2025-07-09 22:12:16,394 - INFO -     Processing Data Row (Stage I): ['I', '12001 (96.0264086)', '22810 (92.4262209)', '57428 (80.0615027)', '22090 (92.6351162)', '22548 (92.5251996)', '18106 (93.9913601)', '17692 (94.1151780)', '12727 (95.8067495)', '18460 (93.8710080)', '11632 (96.1687682)', '22774 (92.4273158)', '62455 (78.1496564)', '20674 (93.1131822)', '12683 (95.8198477)', '19600 (93.4764585)', '84120 (69.2652564)', '109674 (57.0470967)', '33941 (88.5539410)', '51336 (82.1878954)', '9964 (96.7229568)', '87457 (67.6869909)', '37872 (87.1012785)', '100069 (61.6354671)', '18299 (93.9032684)']
2025-07-09 22:12:16,394 - INFO -   Processing PDFPlumber table 4 on page 1 for course Civil Engineering
2025-07-09 22:12:16,394 - INFO -     Identified Header Row: ['', 'GOPENS', 'GSCS', 'GSTS', 'GVJS', 'GNT2S', 'GNT3S', 'GOBCS', 'GSEBCS', 'LOPENS', 'LSCS', 'LSTS', 'LVJS', 'LNT1S', 'LOBCS', 'LSEBCS', 'PWDOPENS', 'PWDOBCS', 'DEFOPENS', 'DEFOBCS', 'TFWS', 'DEFROBCS', 'ORPHAN', 'EWS']
2025-07-09 22:12:16,394 - INFO -     Processing Data Row (Stage I): ['I', '28736 (90.3847828)', '42636 (85.3822102)', '109844 (57.0470967)', '40155 (86.2190813)', '43440 (85.1704164)', '64967 (76.9332320)', '30164 (89.8747850)', '47938 (83.5369475)', '25978 (91.2954950)', '50448 (82.7086811)', '107619 (57.4142590)', '43053 (85.2662319)', '34017 (88.5172385)', '30050 (89.8755527)', '61280 (78.4507504)', '126496 (47.0113809)', '153875 (27.5123271)', '48986 (83.0327460)', '164128 (18.5574725)', '27443 (90.8058519)', '82621 (69.8003760)', '80761 (70.5215521)', '49718 (82.7820291)']
2025-07-09 22:12:16,394 - INFO - Page 1: Updated Level (from PyPDF2 text) to: Home University
2025-07-09 22:12:16,394 - INFO - Page 1: Updated Level (from PyPDF2 text) to: State Level
2025-07-09 22:12:16,394 - INFO - Page 1: Matched Course (from PyPDF2 text): 0100224210 - Computer Science and Engineering
2025-07-09 22:12:16,394 - INFO - Page 1: Matched Status (from PyPDF2 text): Government Autonomous Home University : Autonomous Institute
2025-07-09 22:12:16,468 - INFO - Page 1: PDFPlumber found 4 tables for course Computer Science and Engineering.
2025-07-09 22:12:16,468 - INFO -   Processing PDFPlumber table 1 on page 1 for course Computer Science and Engineering
2025-07-09 22:12:16,468 - INFO -     Identified Header Row: ['', 'GOPENS', 'GSCS', 'GSTS', 'GVJS', 'GNT1S', 'GNT2S', 'GNT3S', 'GOBCS', 'GSEBCS', 'LOPENS', 'LSCS', 'LSTS', 'LVJS', 'LNT2S', 'LOBCS', 'LSEBCS', 'PWDOPENS', 'PWDOBCS', 'DEFOPENS', 'DEFOBCS', 'TFWS', 'PWDROBC S', 'DEFRSEBC S', 'EWS']
2025-07-09 22:12:16,468 - INFO -     Processing Data Row (Stage I): ['I', '34240 (88.5013511)', '62739 (77.8445199)', '91124 (65.8812284)', '54224 (81.2928705)', '34281 (88.4426131)', '41658 (85.7455441)', '35923 (87.8945473)', '42649 (85.3822102)', '69130 (75.3516004)', '35071 (88.1228442)', '47557 (83.6393990)', '89332 (66.8505265)', '54046 (81.3738935)', '80230 (70.8722936)', '47396 (83.6467428)', '112136 (55.2318816)', '115494 (53.7694785)', '153595 (27.6622718)', '88930 (67.0458361)', '124882 (47.9842799)', '41891 (85.5352459)', '155782 (25.6482713)', '120638 (50.6340761)', '90204 (66.1855163)']
2025-07-09 22:12:16,469 - INFO -   Processing PDFPlumber table 2 on page 1 for course Computer Science and Engineering
2025-07-09 22:12:16,469 - INFO -     Identified Header Row: ['', 'GOPENS', 'GSCS', 'GSTS', 'GVJS', 'GNT1S', 'GNT2S', 'GOBCS', 'GSEBCS', 'LOPENS', 'LSCS', 'LSTS', 'LNT1S', 'LNT3S', 'LOBCS', 'LSEBCS', 'PWDOPENS', 'PWDOBCS', 'DEFOPENS', 'DEFOBCS', 'TFWS', 'PWDRSCS', 'DEFROBCS', 'ORPHAN', 'EWS']
2025-07-09 22:12:16,469 - INFO -     Processing Data Row (Stage I): ['I', '7872 (97.3911937)', '17571 (94.1713006)', '56026 (80.5896708)', '17052 (94.3331807)', '16746 (94.4433332)', '16443 (94.5541467)', '8931 (97.0436452)', '15942 (94.6903844)', '9308 (96.9066937)', '15485 (94.8376426)', '45930 (84.2430574)', '20457 (93.2139295)', '23863 (92.0214155)', '9823 (96.7545639)', '15409 (94.8397684)', '33711 (88.6037289)', '49777 (82.7778711)', '27598 (90.7773660)', '36001 (87.8152279)', '5518 (98.1177725)', '46875 (83.7529730)', '31634 (89.3071786)', '40407 (86.1764583)', '13851 (95.3932298)']
2025-07-09 22:12:16,469 - INFO -   Processing PDFPlumber table 3 on page 1 for course Computer Science and Engineering
2025-07-09 22:12:16,469 - INFO -     Identified Header Row: ['', 'GOPENS', 'GSCS', 'GSTS', 'GVJS', 'GNT1S', 'GNT2S', 'GNT3S', 'GOBCS', 'GSEBCS', 'LOPENS', 'LSCS', 'LSTS', 'LNT2S', 'LOBCS', 'LSEBCS', 'PWDOPENS', 'PWDOBCS', 'DEFOPENS', 'DEFOBCS', 'TFWS', 'PWDRSCS', 'DEFRNT1S', 'ORPHAN', 'EWS']
2025-07-09 22:12:16,469 - INFO -     Processing Data Row (Stage I): ['I', '12001 (96.0264086)', '22810 (92.4262209)', '57428 (80.0615027)', '22090 (92.6351162)', '22548 (92.5251996)', '18106 (93.9913601)', '17692 (94.1151780)', '12727 (95.8067495)', '18460 (93.8710080)', '11632 (96.1687682)', '22774 (92.4273158)', '62455 (78.1496564)', '20674 (93.1131822)', '12683 (95.8198477)', '19600 (93.4764585)', '84120 (69.2652564)', '109674 (57.0470967)', '33941 (88.5539410)', '51336 (82.1878954)', '9964 (96.7229568)', '87457 (67.6869909)', '37872 (87.1012785)', '100069 (61.6354671)', '18299 (93.9032684)']
2025-07-09 22:12:16,469 - INFO -   Processing PDFPlumber table 4 on page 1 for course Computer Science and Engineering
2025-07-09 22:12:16,469 - INFO -     Identified Header Row: ['', 'GOPENS', 'GSCS', 'GSTS', 'GVJS', 'GNT2S', 'GNT3S', 'GOBCS', 'GSEBCS', 'LOPENS', 'LSCS', 'LSTS', 'LVJS', 'LNT1S', 'LOBCS', 'LSEBCS', 'PWDOPENS', 'PWDOBCS', 'DEFOPENS', 'DEFOBCS', 'TFWS', 'DEFROBCS', 'ORPHAN', 'EWS']
2025-07-09 22:12:16,469 - INFO -     Processing Data Row (Stage I): ['I', '28736 (90.3847828)', '42636 (85.3822102)', '109844 (57.0470967)', '40155 (86.2190813)', '43440 (85.1704164)', '64967 (76.9332320)', '30164 (89.8747850)', '47938 (83.5369475)', '25978 (91.2954950)', '50448 (82.7086811)', '107619 (57.4142590)', '43053 (85.2662319)', '34017 (88.5172385)', '30050 (89.8755527)', '61280 (78.4507504)', '126496 (47.0113809)', '153875 (27.5123271)', '48986 (83.0327460)', '164128 (18.5574725)', '27443 (90.8058519)', '82621 (69.8003760)', '80761 (70.5215521)', '49718 (82.7820291)']
2025-07-09 22:12:16,470 - INFO - Page 1: Updated Level (from PyPDF2 text) to: Home University
2025-07-09 22:12:16,470 - INFO - Page 1: Updated Level (from PyPDF2 text) to: State Level
2025-07-09 22:12:16,470 - INFO - Page 1: Matched Course (from PyPDF2 text): 0100224610 - Information Technology
2025-07-09 22:12:16,470 - INFO - Page 1: Matched Status (from PyPDF2 text): Government Autonomous Home University : Autonomous Institute
2025-07-09 22:12:16,542 - INFO - Page 1: PDFPlumber found 4 tables for course Information Technology.
2025-07-09 22:12:16,542 - INFO -   Processing PDFPlumber table 1 on page 1 for course Information Technology
2025-07-09 22:12:16,543 - INFO -     Identified Header Row: ['', 'GOPENS', 'GSCS', 'GSTS', 'GVJS', 'GNT1S', 'GNT2S', 'GNT3S', 'GOBCS', 'GSEBCS', 'LOPENS', 'LSCS', 'LSTS', 'LVJS', 'LNT2S', 'LOBCS', 'LSEBCS', 'PWDOPENS', 'PWDOBCS', 'DEFOPENS', 'DEFOBCS', 'TFWS', 'PWDROBC S', 'DEFRSEBC S', 'EWS']
2025-07-09 22:12:16,543 - INFO -     Processing Data Row (Stage I): ['I', '34240 (88.5013511)', '62739 (77.8445199)', '91124 (65.8812284)', '54224 (81.2928705)', '34281 (88.4426131)', '41658 (85.7455441)', '35923 (87.8945473)', '42649 (85.3822102)', '69130 (75.3516004)', '35071 (88.1228442)', '47557 (83.6393990)', '89332 (66.8505265)', '54046 (81.3738935)', '80230 (70.8722936)', '47396 (83.6467428)', '112136 (55.2318816)', '115494 (53.7694785)', '153595 (27.6622718)', '88930 (67.0458361)', '124882 (47.9842799)', '41891 (85.5352459)', '155782 (25.6482713)', '120638 (50.6340761)', '90204 (66.1855163)']
2025-07-09 22:12:16,543 - INFO -   Processing PDFPlumber table 2 on page 1 for course Information Technology
2025-07-09 22:12:16,543 - INFO -     Identified Header Row: ['', 'GOPENS', 'GSCS', 'GSTS', 'GVJS', 'GNT1S', 'GNT2S', 'GOBCS', 'GSEBCS', 'LOPENS', 'LSCS', 'LSTS', 'LNT1S', 'LNT3S', 'LOBCS', 'LSEBCS', 'PWDOPENS', 'PWDOBCS', 'DEFOPENS', 'DEFOBCS', 'TFWS', 'PWDRSCS', 'DEFROBCS', 'ORPHAN', 'EWS']
2025-07-09 22:12:16,543 - INFO -     Processing Data Row (Stage I): ['I', '7872 (97.3911937)', '17571 (94.1713006)', '56026 (80.5896708)', '17052 (94.3331807)', '16746 (94.4433332)', '16443 (94.5541467)', '8931 (97.0436452)', '15942 (94.6903844)', '9308 (96.9066937)', '15485 (94.8376426)', '45930 (84.2430574)', '20457 (93.2139295)', '23863 (92.0214155)', '9823 (96.7545639)', '15409 (94.8397684)', '33711 (88.6037289)', '49777 (82.7778711)', '27598 (90.7773660)', '36001 (87.8152279)', '5518 (98.1177725)', '46875 (83.7529730)', '31634 (89.3071786)', '40407 (86.1764583)', '13851 (95.3932298)']
2025-07-09 22:12:16,543 - INFO -   Processing PDFPlumber table 3 on page 1 for course Information Technology
2025-07-09 22:12:16,543 - INFO -     Identified Header Row: ['', 'GOPENS', 'GSCS', 'GSTS', 'GVJS', 'GNT1S', 'GNT2S', 'GNT3S', 'GOBCS', 'GSEBCS', 'LOPENS', 'LSCS', 'LSTS', 'LNT2S', 'LOBCS', 'LSEBCS', 'PWDOPENS', 'PWDOBCS', 'DEFOPENS', 'DEFOBCS', 'TFWS', 'PWDRSCS', 'DEFRNT1S', 'ORPHAN', 'EWS']
2025-07-09 22:12:16,543 - INFO -     Processing Data Row (Stage I): ['I', '12001 (96.0264086)', '22810 (92.4262209)', '57428 (80.0615027)', '22090 (92.6351162)', '22548 (92.5251996)', '18106 (93.9913601)', '17692 (94.1151780)', '12727 (95.8067495)', '18460 (93.8710080)', '11632 (96.1687682)', '22774 (92.4273158)', '62455 (78.1496564)', '20674 (93.1131822)', '12683 (95.8198477)', '19600 (93.4764585)', '84120 (69.2652564)', '109674 (57.0470967)', '33941 (88.5539410)', '51336 (82.1878954)', '9964 (96.7229568)', '87457 (67.6869909)', '37872 (87.1012785)', '100069 (61.6354671)', '18299 (93.9032684)']
2025-07-09 22:12:16,543 - INFO -   Processing PDFPlumber table 4 on page 1 for course Information Technology
2025-07-09 22:12:16,544 - INFO -     Identified Header Row: ['', 'GOPENS', 'GSCS', 'GSTS', 'GVJS', 'GNT2S', 'GNT3S', 'GOBCS', 'GSEBCS', 'LOPENS', 'LSCS', 'LSTS', 'LVJS', 'LNT1S', 'LOBCS', 'LSEBCS', 'PWDOPENS', 'PWDOBCS', 'DEFOPENS', 'DEFOBCS', 'TFWS', 'DEFROBCS', 'ORPHAN', 'EWS']
2025-07-09 22:12:16,544 - INFO -     Processing Data Row (Stage I): ['I', '28736 (90.3847828)', '42636 (85.3822102)', '109844 (57.0470967)', '40155 (86.2190813)', '43440 (85.1704164)', '64967 (76.9332320)', '30164 (89.8747850)', '47938 (83.5369475)', '25978 (91.2954950)', '50448 (82.7086811)', '107619 (57.4142590)', '43053 (85.2662319)', '34017 (88.5172385)', '30050 (89.8755527)', '61280 (78.4507504)', '126496 (47.0113809)', '153875 (27.5123271)', '48986 (83.0327460)', '164128 (18.5574725)', '27443 (90.8058519)', '82621 (69.8003760)', '80761 (70.5215521)', '49718 (82.7820291)']
2025-07-09 22:12:16,544 - INFO - Page 1: Updated Level (from PyPDF2 text) to: Home University
2025-07-09 22:12:16,544 - INFO - Page 1: Updated Level (from PyPDF2 text) to: State Level
2025-07-09 22:12:16,544 - INFO - Page 1: Matched Course (from PyPDF2 text): 0100229310 - Electrical Engineering
2025-07-09 22:12:16,544 - INFO - Page 1: Matched Status (from PyPDF2 text): Government Autonomous Home University : Autonomous Institute
2025-07-09 22:12:16,615 - INFO - Page 1: PDFPlumber found 4 tables for course Electrical Engineering.
2025-07-09 22:12:16,615 - INFO -   Processing PDFPlumber table 1 on page 1 for course Electrical Engineering
2025-07-09 22:12:16,616 - INFO -     Identified Header Row: ['', 'GOPENS', 'GSCS', 'GSTS', 'GVJS', 'GNT1S', 'GNT2S', 'GNT3S', 'GOBCS', 'GSEBCS', 'LOPENS', 'LSCS', 'LSTS', 'LVJS', 'LNT2S', 'LOBCS', 'LSEBCS', 'PWDOPENS', 'PWDOBCS', 'DEFOPENS', 'DEFOBCS', 'TFWS', 'PWDROBC S', 'DEFRSEBC S', 'EWS']
2025-07-09 22:12:16,616 - INFO -     Processing Data Row (Stage I): ['I', '34240 (88.5013511)', '62739 (77.8445199)', '91124 (65.8812284)', '54224 (81.2928705)', '34281 (88.4426131)', '41658 (85.7455441)', '35923 (87.8945473)', '42649 (85.3822102)', '69130 (75.3516004)', '35071 (88.1228442)', '47557 (83.6393990)', '89332 (66.8505265)', '54046 (81.3738935)', '80230 (70.8722936)', '47396 (83.6467428)', '112136 (55.2318816)', '115494 (53.7694785)', '153595 (27.6622718)', '88930 (67.0458361)', '124882 (47.9842799)', '41891 (85.5352459)', '155782 (25.6482713)', '120638 (50.6340761)', '90204 (66.1855163)']
2025-07-09 22:12:16,616 - INFO -   Processing PDFPlumber table 2 on page 1 for course Electrical Engineering
2025-07-09 22:12:16,616 - INFO -     Identified Header Row: ['', 'GOPENS', 'GSCS', 'GSTS', 'GVJS', 'GNT1S', 'GNT2S', 'GOBCS', 'GSEBCS', 'LOPENS', 'LSCS', 'LSTS', 'LNT1S', 'LNT3S', 'LOBCS', 'LSEBCS', 'PWDOPENS', 'PWDOBCS', 'DEFOPENS', 'DEFOBCS', 'TFWS', 'PWDRSCS', 'DEFROBCS', 'ORPHAN', 'EWS']
2025-07-09 22:12:16,616 - INFO -     Processing Data Row (Stage I): ['I', '7872 (97.3911937)', '17571 (94.1713006)', '56026 (80.5896708)', '17052 (94.3331807)', '16746 (94.4433332)', '16443 (94.5541467)', '8931 (97.0436452)', '15942 (94.6903844)', '9308 (96.9066937)', '15485 (94.8376426)', '45930 (84.2430574)', '20457 (93.2139295)', '23863 (92.0214155)', '9823 (96.7545639)', '15409 (94.8397684)', '33711 (88.6037289)', '49777 (82.7778711)', '27598 (90.7773660)', '36001 (87.8152279)', '5518 (98.1177725)', '46875 (83.7529730)', '31634 (89.3071786)', '40407 (86.1764583)', '13851 (95.3932298)']
2025-07-09 22:12:16,616 - INFO -   Processing PDFPlumber table 3 on page 1 for course Electrical Engineering
2025-07-09 22:12:16,616 - INFO -     Identified Header Row: ['', 'GOPENS', 'GSCS', 'GSTS', 'GVJS', 'GNT1S', 'GNT2S', 'GNT3S', 'GOBCS', 'GSEBCS', 'LOPENS', 'LSCS', 'LSTS', 'LNT2S', 'LOBCS', 'LSEBCS', 'PWDOPENS', 'PWDOBCS', 'DEFOPENS', 'DEFOBCS', 'TFWS', 'PWDRSCS', 'DEFRNT1S', 'ORPHAN', 'EWS']
2025-07-09 22:12:16,616 - INFO -     Processing Data Row (Stage I): ['I', '12001 (96.0264086)', '22810 (92.4262209)', '57428 (80.0615027)', '22090 (92.6351162)', '22548 (92.5251996)', '18106 (93.9913601)', '17692 (94.1151780)', '12727 (95.8067495)', '18460 (93.8710080)', '11632 (96.1687682)', '22774 (92.4273158)', '62455 (78.1496564)', '20674 (93.1131822)', '12683 (95.8198477)', '19600 (93.4764585)', '84120 (69.2652564)', '109674 (57.0470967)', '33941 (88.5539410)', '51336 (82.1878954)', '9964 (96.7229568)', '87457 (67.6869909)', '37872 (87.1012785)', '100069 (61.6354671)', '18299 (93.9032684)']
2025-07-09 22:12:16,616 - INFO -   Processing PDFPlumber table 4 on page 1 for course Electrical Engineering
2025-07-09 22:12:16,617 - INFO -     Identified Header Row: ['', 'GOPENS', 'GSCS', 'GSTS', 'GVJS', 'GNT2S', 'GNT3S', 'GOBCS', 'GSEBCS', 'LOPENS', 'LSCS', 'LSTS', 'LVJS', 'LNT1S', 'LOBCS', 'LSEBCS', 'PWDOPENS', 'PWDOBCS', 'DEFOPENS', 'DEFOBCS', 'TFWS', 'DEFROBCS', 'ORPHAN', 'EWS']
2025-07-09 22:12:16,617 - INFO -     Processing Data Row (Stage I): ['I', '28736 (90.3847828)', '42636 (85.3822102)', '109844 (57.0470967)', '40155 (86.2190813)', '43440 (85.1704164)', '64967 (76.9332320)', '30164 (89.8747850)', '47938 (83.5369475)', '25978 (91.2954950)', '50448 (82.7086811)', '107619 (57.4142590)', '43053 (85.2662319)', '34017 (88.5172385)', '30050 (89.8755527)', '61280 (78.4507504)', '126496 (47.0113809)', '153875 (27.5123271)', '48986 (83.0327460)', '164128 (18.5574725)', '27443 (90.8058519)', '82621 (69.8003760)', '80761 (70.5215521)', '49718 (82.7820291)']
2025-07-09 22:12:16,617 - INFO - Page 1: Updated Level (from PyPDF2 text) to: Home University
2025-07-09 22:12:16,617 - INFO - Page 1: Updated Level (from PyPDF2 text) to: State Level
2025-07-09 22:12:16,617 - INFO - Page 1: Updated Level (from PyPDF2 text) to: State Level
2025-07-09 22:12:16,617 - INFO - Processing Page: 2
2025-07-09 22:12:16,636 - INFO - Page 2: Matched College (from PyPDF2 text): 01002 - Government College of Engineering, Amravati
2025-07-09 22:12:16,636 - INFO - Page 2: Matched Course (from PyPDF2 text): 0100237210 - Electronics and Telecommunication Engg
2025-07-09 22:12:16,636 - INFO - Page 2: Matched Status (from PyPDF2 text): Government Autonomous Home University : Autonomous Institute
2025-07-09 22:12:16,845 - INFO - Page 2: PDFPlumber found 3 tables for course Electronics and Telecommunication Engg.
2025-07-09 22:12:16,845 - INFO -   Processing PDFPlumber table 1 on page 2 for course Electronics and Telecommunication Engg
2025-07-09 22:12:16,845 - INFO -     Identified Header Row: ['', 'GOPENS', 'GSCS', 'GSTS', 'GVJS', 'GNT1S', 'GNT2S', 'GNT3S', 'GOBCS', 'GSEBCS', 'LOPENS', 'LSCS', 'LSTS', 'LVJS', 'LNT2S', 'LOBCS', 'LSEBCS', 'PWDOPENS', 'PWDOBCS', 'DEFOPENS', 'DEFOBCS', 'TFWS', 'DEFROBCS', 'EWS']
2025-07-09 22:12:16,845 - INFO -     Processing Data Row (Stage I): ['I', '17552 (94.1713006)', '32759 (88.9034341)', '76500 (72.5041736)', '33193 (88.7742666)', '24939 (91.6557848)', '22199 (92.6335559)', '31829 (89.2671256)', '18536 (93.8694333)', '23887 (92.0214155)', '15100 (95.0167998)', '29378 (90.0992619)', '122393 (49.7949643)', '50918 (82.4751693)', '32583 (89.0036224)', '17050 (94.3331807)', '25005 (91.6345444)', '136974 (40.1585977)', '164763 (17.7766170)', '21433 (92.8871646)', '63680 (77.7634641)', '14636 (95.1705464)', '56268 (80.5358903)', '23715 (92.1089443)']
2025-07-09 22:12:16,846 - INFO -   Processing PDFPlumber table 2 on page 2 for course Electronics and Telecommunication Engg
2025-07-09 22:12:16,846 - INFO -     Identified Header Row: ['', 'GOPENS', 'GSCS', 'GSTS', 'GVJS', 'GNT1S', 'GNT2S', 'GOBCS', 'GSEBCS', 'LOPENS', 'LSCS', 'LSTS', 'LNT3S', 'LOBCS', 'LSEBCS', 'TFWS', 'EWS']
2025-07-09 22:12:16,846 - INFO -     Processing Data Row (Stage I): ['I', '40780 (86.1227045)', '76436 (72.5041736)', '153584 (27.6622718)', '52977 (81.7098306)', '55013 (80.9741447)', '48697 (83.1983982)', '49279 (82.8860671)', '98636 (62.7958080)', '47564 (83.6393990)', '73240 (73.7956676)', '', '155962 (25.6482713)', '48233 (83.5013309)', '51737 (82.1493863)', '38760 (86.8242361)', '55129 (80.7858869)']
2025-07-09 22:12:16,846 - INFO -     Processing Data Row (Stage II): ['II', '', '', '', '', '', '', '', '', '', '', '164756 (17.7766170)', '', '', '', '', '']
2025-07-09 22:12:16,846 - INFO -   Processing PDFPlumber table 3 on page 2 for course Electronics and Telecommunication Engg
2025-07-09 22:12:16,846 - INFO -     Identified Header Row: ['', 'GOPENS', 'GSCS', 'GSTS', 'GVJS', 'GNT1S', 'GNT2S', 'GNT3S', 'GOBCS', 'GSEBCS', 'LOPENS', 'LSCS', 'LSTS', 'LNT1S', 'LNT2S', 'LOBCS', 'LSEBCS', 'PWDOPENS', 'DEFOPENS', 'DEFOBCS', 'TFWS', 'DEFROBCS', 'EWS']
2025-07-09 22:12:16,846 - INFO -     Processing Data Row (Stage I): ['I', '37888 (87.0844527)', '60509 (78.9561170)', '108763 (57.2163252)', '56098 (80.5896708)', '59809 (79.1318865)', '47170 (83.7440631)', '53426 (81.4941569)', '40001 (86.2308451)', '69475 (75.3410409)', '41682 (85.7455441)', '61041 (78.5613347)', '135907 (40.9947600)', '58310 (79.6526596)', '56879 (80.2743712)', '51638 (82.1493863)', '55218 (80.7858869)', '111014 (56.0103934)', '115556 (53.7694785)', '153674 (27.6622718)', '39326 (86.5743889)', '129935 (44.8929536)', '75778 (72.8176141)']
2025-07-09 22:12:16,846 - INFO - Page 2: Updated Level (from PyPDF2 text) to: Home University
2025-07-09 22:12:16,846 - INFO - Page 2: Updated Level (from PyPDF2 text) to: State Level
2025-07-09 22:12:16,846 - INFO - Page 2: Matched Course (from PyPDF2 text): 0100246610 - Instrumentation Engineering
2025-07-09 22:12:16,846 - INFO - Page 2: Matched Status (from PyPDF2 text): Government Autonomous Home University : Autonomous Institute
2025-07-09 22:12:16,889 - INFO - Page 2: PDFPlumber found 3 tables for course Instrumentation Engineering.
2025-07-09 22:12:16,889 - INFO -   Processing PDFPlumber table 1 on page 2 for course Instrumentation Engineering
2025-07-09 22:12:16,889 - INFO -     Identified Header Row: ['', 'GOPENS', 'GSCS', 'GSTS', 'GVJS', 'GNT1S', 'GNT2S', 'GNT3S', 'GOBCS', 'GSEBCS', 'LOPENS', 'LSCS', 'LSTS', 'LVJS', 'LNT2S', 'LOBCS', 'LSEBCS', 'PWDOPENS', 'PWDOBCS', 'DEFOPENS', 'DEFOBCS', 'TFWS', 'DEFROBCS', 'EWS']
2025-07-09 22:12:16,889 - INFO -     Processing Data Row (Stage I): ['I', '17552 (94.1713006)', '32759 (88.9034341)', '76500 (72.5041736)', '33193 (88.7742666)', '24939 (91.6557848)', '22199 (92.6335559)', '31829 (89.2671256)', '18536 (93.8694333)', '23887 (92.0214155)', '15100 (95.0167998)', '29378 (90.0992619)', '122393 (49.7949643)', '50918 (82.4751693)', '32583 (89.0036224)', '17050 (94.3331807)', '25005 (91.6345444)', '136974 (40.1585977)', '164763 (17.7766170)', '21433 (92.8871646)', '63680 (77.7634641)', '14636 (95.1705464)', '56268 (80.5358903)', '23715 (92.1089443)']
2025-07-09 22:12:16,889 - INFO -   Processing PDFPlumber table 2 on page 2 for course Instrumentation Engineering
2025-07-09 22:12:16,889 - INFO -     Identified Header Row: ['', 'GOPENS', 'GSCS', 'GSTS', 'GVJS', 'GNT1S', 'GNT2S', 'GOBCS', 'GSEBCS', 'LOPENS', 'LSCS', 'LSTS', 'LNT3S', 'LOBCS', 'LSEBCS', 'TFWS', 'EWS']
2025-07-09 22:12:16,889 - INFO -     Processing Data Row (Stage I): ['I', '40780 (86.1227045)', '76436 (72.5041736)', '153584 (27.6622718)', '52977 (81.7098306)', '55013 (80.9741447)', '48697 (83.1983982)', '49279 (82.8860671)', '98636 (62.7958080)', '47564 (83.6393990)', '73240 (73.7956676)', '', '155962 (25.6482713)', '48233 (83.5013309)', '51737 (82.1493863)', '38760 (86.8242361)', '55129 (80.7858869)']
2025-07-09 22:12:16,889 - INFO -     Processing Data Row (Stage II): ['II', '', '', '', '', '', '', '', '', '', '', '164756 (17.7766170)', '', '', '', '', '']
2025-07-09 22:12:16,889 - INFO -   Processing PDFPlumber table 3 on page 2 for course Instrumentation Engineering
2025-07-09 22:12:16,889 - INFO -     Identified Header Row: ['', 'GOPENS', 'GSCS', 'GSTS', 'GVJS', 'GNT1S', 'GNT2S', 'GNT3S', 'GOBCS', 'GSEBCS', 'LOPENS', 'LSCS', 'LSTS', 'LNT1S', 'LNT2S', 'LOBCS', 'LSEBCS', 'PWDOPENS', 'DEFOPENS', 'DEFOBCS', 'TFWS', 'DEFROBCS', 'EWS']
2025-07-09 22:12:16,890 - INFO -     Processing Data Row (Stage I): ['I', '37888 (87.0844527)', '60509 (78.9561170)', '108763 (57.2163252)', '56098 (80.5896708)', '59809 (79.1318865)', '47170 (83.7440631)', '53426 (81.4941569)', '40001 (86.2308451)', '69475 (75.3410409)', '41682 (85.7455441)', '61041 (78.5613347)', '135907 (40.9947600)', '58310 (79.6526596)', '56879 (80.2743712)', '51638 (82.1493863)', '55218 (80.7858869)', '111014 (56.0103934)', '115556 (53.7694785)', '153674 (27.6622718)', '39326 (86.5743889)', '129935 (44.8929536)', '75778 (72.8176141)']
2025-07-09 22:12:16,890 - INFO - Page 2: Updated Level (from PyPDF2 text) to: Home University
2025-07-09 22:12:16,890 - INFO - Page 2: Updated Level (from PyPDF2 text) to: State Level
2025-07-09 22:12:16,890 - INFO - Page 2: Matched Course (from PyPDF2 text): 0100261210 - Mechanical Engineering
2025-07-09 22:12:16,890 - INFO - Page 2: Matched Status (from PyPDF2 text): Government Autonomous Home University : Autonomous Institute
2025-07-09 22:12:16,932 - INFO - Page 2: PDFPlumber found 3 tables for course Mechanical Engineering.
2025-07-09 22:12:16,932 - INFO -   Processing PDFPlumber table 1 on page 2 for course Mechanical Engineering
2025-07-09 22:12:16,932 - INFO -     Identified Header Row: ['', 'GOPENS', 'GSCS', 'GSTS', 'GVJS', 'GNT1S', 'GNT2S', 'GNT3S', 'GOBCS', 'GSEBCS', 'LOPENS', 'LSCS', 'LSTS', 'LVJS', 'LNT2S', 'LOBCS', 'LSEBCS', 'PWDOPENS', 'PWDOBCS', 'DEFOPENS', 'DEFOBCS', 'TFWS', 'DEFROBCS', 'EWS']
2025-07-09 22:12:16,932 - INFO -     Processing Data Row (Stage I): ['I', '17552 (94.1713006)', '32759 (88.9034341)', '76500 (72.5041736)', '33193 (88.7742666)', '24939 (91.6557848)', '22199 (92.6335559)', '31829 (89.2671256)', '18536 (93.8694333)', '23887 (92.0214155)', '15100 (95.0167998)', '29378 (90.0992619)', '122393 (49.7949643)', '50918 (82.4751693)', '32583 (89.0036224)', '17050 (94.3331807)', '25005 (91.6345444)', '136974 (40.1585977)', '164763 (17.7766170)', '21433 (92.8871646)', '63680 (77.7634641)', '14636 (95.1705464)', '56268 (80.5358903)', '23715 (92.1089443)']
2025-07-09 22:12:16,933 - INFO -   Processing PDFPlumber table 2 on page 2 for course Mechanical Engineering
2025-07-09 22:12:16,933 - INFO -     Identified Header Row: ['', 'GOPENS', 'GSCS', 'GSTS', 'GVJS', 'GNT1S', 'GNT2S', 'GOBCS', 'GSEBCS', 'LOPENS', 'LSCS', 'LSTS', 'LNT3S', 'LOBCS', 'LSEBCS', 'TFWS', 'EWS']
2025-07-09 22:12:16,933 - INFO -     Processing Data Row (Stage I): ['I', '40780 (86.1227045)', '76436 (72.5041736)', '153584 (27.6622718)', '52977 (81.7098306)', '55013 (80.9741447)', '48697 (83.1983982)', '49279 (82.8860671)', '98636 (62.7958080)', '47564 (83.6393990)', '73240 (73.7956676)', '', '155962 (25.6482713)', '48233 (83.5013309)', '51737 (82.1493863)', '38760 (86.8242361)', '55129 (80.7858869)']
2025-07-09 22:12:16,933 - INFO -     Processing Data Row (Stage II): ['II', '', '', '', '', '', '', '', '', '', '', '164756 (17.7766170)', '', '', '', '', '']
2025-07-09 22:12:16,933 - INFO -   Processing PDFPlumber table 3 on page 2 for course Mechanical Engineering
2025-07-09 22:12:16,933 - INFO -     Identified Header Row: ['', 'GOPENS', 'GSCS', 'GSTS', 'GVJS', 'GNT1S', 'GNT2S', 'GNT3S', 'GOBCS', 'GSEBCS', 'LOPENS', 'LSCS', 'LSTS', 'LNT1S', 'LNT2S', 'LOBCS', 'LSEBCS', 'PWDOPENS', 'DEFOPENS', 'DEFOBCS', 'TFWS', 'DEFROBCS', 'EWS']
2025-07-09 22:12:16,933 - INFO -     Processing Data Row (Stage I): ['I', '37888 (87.0844527)', '60509 (78.9561170)', '108763 (57.2163252)', '56098 (80.5896708)', '59809 (79.1318865)', '47170 (83.7440631)', '53426 (81.4941569)', '40001 (86.2308451)', '69475 (75.3410409)', '41682 (85.7455441)', '61041 (78.5613347)', '135907 (40.9947600)', '58310 (79.6526596)', '56879 (80.2743712)', '51638 (82.1493863)', '55218 (80.7858869)', '111014 (56.0103934)', '115556 (53.7694785)', '153674 (27.6622718)', '39326 (86.5743889)', '129935 (44.8929536)', '75778 (72.8176141)']
2025-07-09 22:12:16,933 - INFO - Page 2: Updated Level (from PyPDF2 text) to: Home University
2025-07-09 22:12:16,933 - INFO - Page 2: Updated Level (from PyPDF2 text) to: State Level
2025-07-09 22:12:16,933 - INFO - Page 2: Updated Level (from PyPDF2 text) to: State Level
2025-07-09 22:12:16,933 - INFO - Processing Page: 3
2025-07-09 22:12:16,944 - INFO - Page 3: Matched College (from PyPDF2 text): 01005 - Sant Gadge Baba Amravati University,Amravati
2025-07-09 22:12:16,944 - INFO - Page 3: Matched Course (from PyPDF2 text): 0100550310 - Food Technology
2025-07-09 22:12:16,944 - INFO - Page 3: Matched Status (from PyPDF2 text): University Department Home University : Sant Gadge Baba Amravati University
2025-07-09 22:12:17,024 - INFO - Page 3: PDFPlumber found 4 tables for course Food Technology.
2025-07-09 22:12:17,025 - INFO -   Processing PDFPlumber table 1 on page 3 for course Food Technology
2025-07-09 22:12:17,025 - INFO -     Identified Header Row: ['', 'GOPENH', 'GSCH', 'GSTH', 'GNT2H', 'GOBCH', 'GSEBCH', 'LOPENH', 'LOBCH']
2025-07-09 22:12:17,025 - INFO -     Processing Data Row (Stage I): ['I', '29972 (90.6223114)', '32446 (89.8224795)', '128351 (49.9497584)', '74203 (75.2680452)', '38311 (87.9283936)', '95096 (66.8404462)', '22742 (92.9308861)', '32441 (89.8224795)']
2025-07-09 22:12:17,025 - INFO -   Processing PDFPlumber table 2 on page 3 for course Food Technology
2025-07-09 22:12:17,025 - INFO -     Identified Header Row: ['', 'LSEBCH']
2025-07-09 22:12:17,025 - INFO -     Processing Data Row (Stage I): ['I', '56660 (81.7098306)']
2025-07-09 22:12:17,025 - INFO -   Processing PDFPlumber table 3 on page 3 for course Food Technology
2025-07-09 22:12:17,025 - INFO -     Identified Header Row: ['', 'GSCO', 'GVJO', 'LOPENO']
2025-07-09 22:12:17,025 - INFO -     Processing Data Row (Stage I): ['I', '42792 (86.2629872)', '97252 (65.6155797)', '10194 (96.8760513)']
2025-07-09 22:12:17,025 - INFO -   Processing PDFPlumber table 4 on page 3 for course Food Technology
2025-07-09 22:12:17,025 - INFO -     Identified Header Row: ['', 'EWS']
2025-07-09 22:12:17,025 - INFO -     Processing Data Row (Stage I): ['I', '62942 (79.5020906)']
2025-07-09 22:12:17,025 - INFO - Page 3: Updated Level (from PyPDF2 text) to: Home University
2025-07-09 22:12:17,025 - INFO - Page 3: Updated Level (from PyPDF2 text) to: Home University Seats Allotted to Home University Candidates
2025-07-09 22:12:17,025 - INFO - Page 3: Updated Level (from PyPDF2 text) to: Home University Seats Allotted to Other Than Home University Candidates
2025-07-09 22:12:17,025 - INFO - Page 3: Updated Level (from PyPDF2 text) to: Other Than Home University Seats Allotted to Other Than Home University Candidates
2025-07-09 22:12:17,025 - INFO - Page 3: Updated Level (from PyPDF2 text) to: State Level
2025-07-09 22:12:17,026 - INFO - Page 3: Updated Level (from PyPDF2 text) to: State Level
2025-07-09 22:12:17,026 - INFO - Processing Page: 4
2025-07-09 22:12:17,036 - INFO - Page 4: Matched College (from PyPDF2 text): 01005 - Sant Gadge Baba Amravati University,Amravati
2025-07-09 22:12:17,036 - INFO - Page 4: Matched Course (from PyPDF2 text): 0100551710 - Oil and Paints Technology
2025-07-09 22:12:17,036 - INFO - Page 4: Matched Status (from PyPDF2 text): University Department Home University : Sant Gadge Baba Amravati University
2025-07-09 22:12:17,115 - INFO - Page 4: PDFPlumber found 4 tables for course Oil and Paints Technology.
2025-07-09 22:12:17,115 - INFO -   Processing PDFPlumber table 1 on page 4 for course Oil and Paints Technology
2025-07-09 22:12:17,115 - INFO -     Identified Header Row: ['', 'GOPENH', 'GOBCH', 'LOPENH']
2025-07-09 22:12:17,115 - INFO -     Processing Data Row (Stage I): ['I', '115421 (53.7694785)', '156930 (24.5948927)', '125003 (47.9842799)']
2025-07-09 22:12:17,115 - INFO -   Processing PDFPlumber table 2 on page 4 for course Oil and Paints Technology
2025-07-09 22:12:17,115 - INFO -     Identified Header Row: ['', 'GSCH', 'GVJH', 'LNT2H']
2025-07-09 22:12:17,115 - INFO -     Processing Data Row (Stage I): ['I', '137364 (40.1066152)', '146620 (33.0999720)', '']
2025-07-09 22:12:17,115 - INFO -     Processing Data Row (Stage II): ['II', '', '', '169752 (12.6135136)']
2025-07-09 22:12:17,115 - INFO -   Processing PDFPlumber table 3 on page 4 for course Oil and Paints Technology
2025-07-09 22:12:17,115 - INFO -     Identified Header Row: ['', 'GOPENO', 'GOBCO', 'GSEBCO']
2025-07-09 22:12:17,115 - INFO -     Processing Data Row (Stage I): ['I', '68353 (75.7359803)', '99521 (62.2534756)', '166677 (15.9803473)']
2025-07-09 22:12:17,115 - INFO -   Processing PDFPlumber table 4 on page 4 for course Oil and Paints Technology
2025-07-09 22:12:17,115 - INFO -     Identified Header Row: ['', 'TFWS', 'EWS']
2025-07-09 22:12:17,115 - INFO -     Processing Data Row (Stage I): ['I', '149457 (30.9687071)', '109124 (57.1959853)']
2025-07-09 22:12:17,116 - INFO - Page 4: Updated Level (from PyPDF2 text) to: Home University
2025-07-09 22:12:17,116 - INFO - Page 4: Updated Level (from PyPDF2 text) to: Home University Seats Allotted to Home University Candidates
2025-07-09 22:12:17,116 - INFO - Page 4: Updated Level (from PyPDF2 text) to: Home University Seats Allotted to Other Than Home University Candidates
2025-07-09 22:12:17,116 - INFO - Page 4: Updated Level (from PyPDF2 text) to: Other Than Home University Seats Allotted to Other Than Home University Candidates
2025-07-09 22:12:17,116 - INFO - Page 4: Updated Level (from PyPDF2 text) to: State Level
2025-07-09 22:12:17,116 - INFO - Page 4: Updated Level (from PyPDF2 text) to: State Level
2025-07-09 22:12:17,116 - INFO - Processing Page: 5
2025-07-09 22:12:17,125 - INFO - Page 5: Matched College (from PyPDF2 text): 01005 - Sant Gadge Baba Amravati University,Amravati
2025-07-09 22:12:17,125 - INFO - Page 5: Matched Course (from PyPDF2 text): 0100552410 - Paper and Pulp Technology
2025-07-09 22:12:17,125 - INFO - Page 5: Matched Status (from PyPDF2 text): University Department Home University : Sant Gadge Baba Amravati University
2025-07-09 22:12:17,192 - INFO - Page 5: PDFPlumber found 3 tables for course Paper and Pulp Technology.
2025-07-09 22:12:17,193 - INFO -   Processing PDFPlumber table 1 on page 5 for course Paper and Pulp Technology
2025-07-09 22:12:17,193 - INFO -     Identified Header Row: ['', 'LOPENH']
2025-07-09 22:12:17,193 - INFO -     Processing Data Row (Stage I): ['I', '164945 (17.7533973)']
2025-07-09 22:12:17,193 - INFO -   Processing PDFPlumber table 2 on page 5 for course Paper and Pulp Technology
2025-07-09 22:12:17,193 - INFO -     Identified Header Row: ['', 'GOPENH', 'LOPENH']
2025-07-09 22:12:17,193 - INFO -     Processing Data Row (Stage I): ['I', '95351 (63.5370419)', '136570 (40.2848342)']
2025-07-09 22:12:17,193 - INFO -   Processing PDFPlumber table 3 on page 5 for course Paper and Pulp Technology
2025-07-09 22:12:17,193 - INFO -     Identified Header Row: ['', 'LOPENO', 'LOBCO']
2025-07-09 22:12:17,193 - INFO -     Processing Data Row (Stage I): ['I', '162710 (19.3655345)', '167643 (15.1214416)']
2025-07-09 22:12:17,193 - INFO - Page 5: Updated Level (from PyPDF2 text) to: Home University
2025-07-09 22:12:17,193 - INFO - Page 5: Updated Level (from PyPDF2 text) to: Home University Seats Allotted to Home University Candidates
2025-07-09 22:12:17,193 - INFO - Page 5: Updated Level (from PyPDF2 text) to: Home University Seats Allotted to Other Than Home University Candidates
2025-07-09 22:12:17,193 - INFO - Page 5: Updated Level (from PyPDF2 text) to: Other Than Home University Seats Allotted to Other Than Home University Candidates
2025-07-09 22:12:17,193 - INFO - Page 5: Updated Level (from PyPDF2 text) to: State Level
2025-07-09 22:12:17,193 - INFO - Processing Page: 6
2025-07-09 22:12:17,205 - INFO - Page 6: Matched College (from PyPDF2 text): 01005 - Sant Gadge Baba Amravati University,Amravati
2025-07-09 22:12:17,205 - INFO - Page 6: Matched Course (from PyPDF2 text): 0100552710 - Petro Chemical Engineering
2025-07-09 22:12:17,205 - INFO - Page 6: Matched Status (from PyPDF2 text): University Department Home University : Sant Gadge Baba Amravati University
2025-07-09 22:12:17,289 - INFO - Page 6: PDFPlumber found 4 tables for course Petro Chemical Engineering.
2025-07-09 22:12:17,289 - INFO -   Processing PDFPlumber table 1 on page 6 for course Petro Chemical Engineering
2025-07-09 22:12:17,289 - INFO -     Identified Header Row: ['', 'GOPENH', 'GSCH', 'GOBCH', 'LOPENH', 'LSCH']
2025-07-09 22:12:17,289 - INFO -     Processing Data Row (Stage I): ['I', '99326 (62.7216425)', '130487 (44.4778985)', '138866 (38.8849565)', '77899 (71.7682877)', '161824 (20.9331029)']
2025-07-09 22:12:17,289 - INFO -   Processing PDFPlumber table 2 on page 6 for course Petro Chemical Engineering
2025-07-09 22:12:17,289 - INFO -     Identified Header Row: ['', 'GNT3H']
2025-07-09 22:12:17,289 - INFO -     Processing Data Row (Stage I): ['I', '35481 (88.0194481)']
2025-07-09 22:12:17,289 - INFO -   Processing PDFPlumber table 3 on page 6 for course Petro Chemical Engineering
2025-07-09 22:12:17,289 - INFO -     Identified Header Row: ['', 'GOPENO', 'GOBCO']
2025-07-09 22:12:17,289 - INFO -     Processing Data Row (Stage I): ['I', '34286 (88.4426131)', '55275 (80.7840564)']
2025-07-09 22:12:17,289 - INFO -   Processing PDFPlumber table 4 on page 6 for course Petro Chemical Engineering
2025-07-09 22:12:17,289 - INFO -     Identified Header Row: ['', 'TFWS', 'EWS']
2025-07-09 22:12:17,289 - INFO -     Processing Data Row (Stage I): ['I', '42152 (85.4556860)', '96715 (63.2340107)']
2025-07-09 22:12:17,290 - INFO - Page 6: Updated Level (from PyPDF2 text) to: Home University
2025-07-09 22:12:17,290 - INFO - Page 6: Updated Level (from PyPDF2 text) to: Home University Seats Allotted to Home University Candidates
2025-07-09 22:12:17,290 - INFO - Page 6: Updated Level (from PyPDF2 text) to: Home University Seats Allotted to Other Than Home University Candidates
2025-07-09 22:12:17,290 - INFO - Page 6: Updated Level (from PyPDF2 text) to: Other Than Home University Seats Allotted to Other Than Home University Candidates
2025-07-09 22:12:17,290 - INFO - Page 6: Updated Level (from PyPDF2 text) to: State Level
2025-07-09 22:12:17,290 - INFO - Page 6: Updated Level (from PyPDF2 text) to: State Level
2025-07-09 22:12:17,290 - INFO - Processing Page: 7
2025-07-09 22:12:17,307 - INFO - Page 7: Matched College (from PyPDF2 text): 01012 - Government College of Engineering,Yavatmal
2025-07-09 22:12:17,307 - INFO - Page 7: Matched Course (from PyPDF2 text): 0101219110 - Civil Engineering
2025-07-09 22:12:17,307 - INFO - Page 7: Matched Status (from PyPDF2 text): Government Home University : Sant Gadge Baba Amravati University
2025-07-09 22:12:17,456 - INFO - Page 7: PDFPlumber found 4 tables for course Civil Engineering.
2025-07-09 22:12:17,456 - INFO -   Processing PDFPlumber table 1 on page 7 for course Civil Engineering
2025-07-09 22:12:17,456 - INFO -     Identified Header Row: ['', 'GOPENH', 'GSCH', 'GSTH', 'GVJH', 'GNT2H', 'GOBCH', 'LOPENH', 'LSCH', 'LSTH', 'LVJH', 'LNT1H', 'LOBCH', 'PWDOPENH']
2025-07-09 22:12:17,456 - INFO -     Processing Data Row (Stage I): ['I', '82302 (69.8140377)', '91294 (65.8812284)', '143438 (35.5925864)', '85869 (68.2901694)', '106928 (57.9919409)', '93496 (65.2298851)', '74345 (73.4250332)', '77271 (72.1467831)', '137124 (40.1066152)', '85105 (68.7156482)', '80501 (70.6178643)', '84961 (68.7156482)', '155989 (25.6482713)']
2025-07-09 22:12:17,456 - INFO -   Processing PDFPlumber table 2 on page 7 for course Civil Engineering
2025-07-09 22:12:17,456 - INFO -     Identified Header Row: ['', 'LSEBCH']
2025-07-09 22:12:17,457 - INFO -     Processing Data Row (Stage I): ['I', '168707 (13.6477530)']
2025-07-09 22:12:17,457 - INFO -   Processing PDFPlumber table 3 on page 7 for course Civil Engineering
2025-07-09 22:12:17,457 - INFO -     Identified Header Row: ['', 'GOPENO', 'GSCO', 'GNT1O', 'GNT2O', 'GNT3O', 'GOBCO', 'GSEBCO', 'LOPENO', 'LSTO']
2025-07-09 22:12:17,457 - INFO -     Processing Data Row (Stage I): ['I', '67451 (76.1358545)', '89341 (66.8505265)', '86358 (68.1767082)', '102814 (60.2921536)', '107534 (57.4142590)', '82467 (69.8003760)', '126612 (47.0113809)', '60776 (78.9120215)', '116985 (52.8148790)']
2025-07-09 22:12:17,457 - INFO -   Processing PDFPlumber table 4 on page 7 for course Civil Engineering
2025-07-09 22:12:17,457 - INFO -     Identified Header Row: ['', 'DEFOPENS', 'TFWS', 'EWS']
2025-07-09 22:12:17,457 - INFO -     Processing Data Row (Stage I): ['I', '178396 (1.8370822)', '73509 (73.7743452)', '145000 (34.8002089)']
2025-07-09 22:12:17,457 - INFO - Page 7: Updated Level (from PyPDF2 text) to: Home University
2025-07-09 22:12:17,457 - INFO - Page 7: Updated Level (from PyPDF2 text) to: Home University Seats Allotted to Home University Candidates
2025-07-09 22:12:17,457 - INFO - Page 7: Updated Level (from PyPDF2 text) to: Home University Seats Allotted to Other Than Home University Candidates
2025-07-09 22:12:17,457 - INFO - Page 7: Updated Level (from PyPDF2 text) to: Other Than Home University Seats Allotted to Other Than Home University Candidates
2025-07-09 22:12:17,457 - INFO - Page 7: Updated Level (from PyPDF2 text) to: State Level
2025-07-09 22:12:17,457 - INFO - Page 7: Updated Level (from PyPDF2 text) to: State Level
2025-07-09 22:12:17,457 - INFO - Processing Page: 8
2025-07-09 22:12:17,474 - INFO - Page 8: Matched College (from PyPDF2 text): 01012 - Government College of Engineering,Yavatmal
2025-07-09 22:12:17,475 - INFO - Page 8: Matched Course (from PyPDF2 text): 0101224510 - Computer Engineering
2025-07-09 22:12:17,475 - INFO - Page 8: Matched Status (from PyPDF2 text): Government Home University : Sant Gadge Baba Amravati University
2025-07-09 22:12:17,619 - INFO - Page 8: PDFPlumber found 3 tables for course Computer Engineering.
2025-07-09 22:12:17,620 - INFO -   Processing PDFPlumber table 1 on page 8 for course Computer Engineering
2025-07-09 22:12:17,620 - INFO -     Identified Header Row: ['', 'GOPENH', 'GSCH', 'GSTH', 'GVJH', 'GNT1H', 'GNT2H', 'GOBCH', 'GSEBCH', 'LOPENH', 'LSCH', 'LNT3H', 'LOBCH', 'LSEBCH', 'PWDOPENH', 'PWDOBCH']
2025-07-09 22:12:17,620 - INFO -     Processing Data Row (Stage I): ['I', '37750 (87.1298889)', '47832 (83.5380246)', '106096 (58.5786927)', '42489 (85.4082122)', '40937 (86.0863663)', '47978 (83.5369475)', '39352 (86.5743889)', '75843 (72.7750912)', '33797 (88.5679854)', '46149 (84.2156613)', '54036 (81.3738935)', '41125 (85.9711131)', '61101 (78.5613347)', '80129 (70.8722936)', '170925 (11.4128678)']
2025-07-09 22:12:17,620 - INFO -   Processing PDFPlumber table 2 on page 8 for course Computer Engineering
2025-07-09 22:12:17,620 - INFO -     Identified Header Row: ['', 'GOPENO', 'GSCO', 'GSTO', 'GOBCO', 'GSEBCO', 'LOPENO', 'LSCO', 'LVJO', 'LNT2O', 'LOBCO']
2025-07-09 22:12:17,620 - INFO -     Processing Data Row (Stage I): ['I', '24944 (91.6557848)', '31583 (89.3071786)', '89777 (66.4751458)', '25896 (91.3201487)', '32683 (88.9266712)', '33853 (88.5551879)', '42192 (85.4556860)', '37013 (87.4495947)', '64695 (77.1713278)', '33930 (88.5539410)']
2025-07-09 22:12:17,620 - INFO -   Processing PDFPlumber table 3 on page 8 for course Computer Engineering
2025-07-09 22:12:17,620 - INFO -     Identified Header Row: ['', 'DEFOPENS', 'DEFOBCS', 'TFWS', 'DEFROBCS', 'EWS']
2025-07-09 22:12:17,620 - INFO -     Processing Data Row (Stage I): ['I', '52692 (81.7887587)', '120452 (50.8618056)', '24126 (91.9393058)', '64762 (77.1713278)', '49690 (82.7820291)']
2025-07-09 22:12:17,620 - INFO - Page 8: Updated Level (from PyPDF2 text) to: Home University
2025-07-09 22:12:17,621 - INFO - Page 8: Updated Level (from PyPDF2 text) to: Home University Seats Allotted to Home University Candidates
2025-07-09 22:12:17,621 - INFO - Page 8: Updated Level (from PyPDF2 text) to: Other Than Home University Seats Allotted to Other Than Home University Candidates
2025-07-09 22:12:17,621 - INFO - Page 8: Updated Level (from PyPDF2 text) to: State Level
2025-07-09 22:12:17,621 - INFO - Page 8: Updated Level (from PyPDF2 text) to: State Level
2025-07-09 22:12:17,621 - INFO - Processing Page: 9
2025-07-09 22:12:17,637 - INFO - Page 9: Matched College (from PyPDF2 text): 01012 - Government College of Engineering,Yavatmal
2025-07-09 22:12:17,638 - INFO - Page 9: Matched Course (from PyPDF2 text): 0101229310 - Electrical Engineering
2025-07-09 22:12:17,638 - INFO - Page 9: Matched Status (from PyPDF2 text): Government Home University : Sant Gadge Baba Amravati University
2025-07-09 22:12:17,785 - INFO - Page 9: PDFPlumber found 4 tables for course Electrical Engineering.
2025-07-09 22:12:17,786 - INFO -   Processing PDFPlumber table 1 on page 9 for course Electrical Engineering
2025-07-09 22:12:17,786 - INFO -     Identified Header Row: ['', 'GOPENH', 'GSCH', 'GSTH', 'GVJH', 'GNT1H', 'GNT2H', 'GNT3H', 'GOBCH', 'LOPENH', 'LSCH', 'LSTH', 'LNT2H', 'LOBCH', 'PWDOPENH']
2025-07-09 22:12:17,786 - INFO -     Processing Data Row (Stage I): ['I', '72382 (74.1162962)', '98097 (62.8733646)', '137836 (39.5390798)', '86859 (67.8622856)', '108062 (57.3310702)', '129143 (45.4574846)', '96611 (63.2340107)', '80050 (70.8893650)', '73003 (73.8486985)', '88793 (67.2944770)', '147856 (32.1785112)', '132801 (43.1231034)', '77303 (72.1467831)', '168308 (13.9490359)']
2025-07-09 22:12:17,786 - INFO -   Processing PDFPlumber table 2 on page 9 for course Electrical Engineering
2025-07-09 22:12:17,786 - INFO -     Identified Header Row: ['', 'GSEBCH', 'LSEBCH']
2025-07-09 22:12:17,786 - INFO -     Processing Data Row (Stage I): ['I', '105126 (59.8892661)', '136336 (40.7306838)']
2025-07-09 22:12:17,786 - INFO -   Processing PDFPlumber table 3 on page 9 for course Electrical Engineering
2025-07-09 22:12:17,786 - INFO -     Identified Header Row: ['', 'GOPENO', 'GSCO', 'GSTO', 'GVJO', 'GOBCO', 'GSEBCO', 'LOPENO', 'LSCO', 'LOBCO', 'LSEBCO']
2025-07-09 22:12:17,786 - INFO -     Processing Data Row (Stage I): ['I', '59912 (79.1318865)', '60037 (79.0646435)', '108961 (57.1959853)', '69152 (75.3516004)', '65467 (76.7776254)', '123017 (49.5130960)', '72271 (74.2767378)', '91313 (65.8812284)', '73917 (73.5848302)', '129121 (45.4574846)']
2025-07-09 22:12:17,786 - INFO -   Processing PDFPlumber table 4 on page 9 for course Electrical Engineering
2025-07-09 22:12:17,786 - INFO -     Identified Header Row: ['', 'DEFOPENS', 'TFWS', 'EWS']
2025-07-09 22:12:17,786 - INFO -     Processing Data Row (Stage I): ['I', '120726 (50.6340761)', '56718 (80.2743712)', '131321 (43.9565943)']
2025-07-09 22:12:17,786 - INFO - Page 9: Updated Level (from PyPDF2 text) to: Home University
2025-07-09 22:12:17,786 - INFO - Page 9: Updated Level (from PyPDF2 text) to: Home University Seats Allotted to Home University Candidates
2025-07-09 22:12:17,787 - INFO - Page 9: Updated Level (from PyPDF2 text) to: Home University Seats Allotted to Other Than Home University Candidates
2025-07-09 22:12:17,787 - INFO - Page 9: Updated Level (from PyPDF2 text) to: Other Than Home University Seats Allotted to Other Than Home University Candidates
2025-07-09 22:12:17,787 - INFO - Page 9: Updated Level (from PyPDF2 text) to: State Level
2025-07-09 22:12:17,787 - INFO - Page 9: Updated Level (from PyPDF2 text) to: State Level
2025-07-09 22:12:17,787 - INFO - Processing Page: 10
2025-07-09 22:12:17,802 - INFO - Page 10: Matched College (from PyPDF2 text): 01012 - Government College of Engineering,Yavatmal
2025-07-09 22:12:17,802 - INFO - Page 10: Matched Course (from PyPDF2 text): 0101237210 - Electronics and Telecommunication Engg
2025-07-09 22:12:17,802 - INFO - Page 10: Matched Status (from PyPDF2 text): Government Home University : Sant Gadge Baba Amravati University
2025-07-09 22:12:18,002 - INFO - Page 10: PDFPlumber found 4 tables for course Electronics and Telecommunication Engg.
2025-07-09 22:12:18,002 - INFO -   Processing PDFPlumber table 1 on page 10 for course Electronics and Telecommunication Engg
2025-07-09 22:12:18,002 - INFO -     Identified Header Row: ['', 'GOPENH', 'GSCH', 'GSTH', 'GNT1H', 'GNT2H', 'GOBCH', 'GSEBCH', 'LOPENH', 'LSCH', 'LSTH', 'LVJH', 'LOBCH']
2025-07-09 22:12:18,002 - INFO -     Processing Data Row (Stage I): ['I', '60100 (79.0646435)', '81843 (70.4092512)', '159299 (22.5020163)', '84637 (69.0659616)', '81406 (70.4817329)', '62603 (77.8466015)', '89670 (66.8404462)', '59187 (79.4055287)', '63711 (77.7634641)', '144902 (34.8002089)', '112899 (55.0733859)', '59806 (79.1318865)']
2025-07-09 22:12:18,003 - INFO -   Processing PDFPlumber table 2 on page 10 for course Electronics and Telecommunication Engg
2025-07-09 22:12:18,003 - INFO -     Identified Header Row: ['', 'GSTH', 'LSEBCH']
2025-07-09 22:12:18,003 - INFO -     Processing Data Row (Stage I): ['I', '165198 (16.8882979)', '97416 (63.0701676)']
2025-07-09 22:12:18,003 - INFO -   Processing PDFPlumber table 3 on page 10 for course Electronics and Telecommunication Engg
2025-07-09 22:12:18,003 - INFO -     Identified Header Row: ['', 'GOPENO', 'GSCO', 'GNT2O', 'GOBCO', 'GSEBCO', 'LOPENO', 'LSTO', 'LNT1O', 'LNT3O', 'LOBCO', 'LSEBCO']
2025-07-09 22:12:18,003 - INFO -     Processing Data Row (Stage I): ['I', '33695 (88.6037289)', '67157 (76.2466193)', '65097 (76.8897938)', '43909 (84.8861370)', '55432 (80.7840564)', '40106 (86.2190813)', '156826 (24.7657909)', '88807 (67.2944770)', '57376 (80.0615027)', '44601 (84.6087386)', '100349 (61.3261708)']
2025-07-09 22:12:18,003 - INFO -   Processing PDFPlumber table 4 on page 10 for course Electronics and Telecommunication Engg
2025-07-09 22:12:18,003 - INFO -     Identified Header Row: ['', 'DEFOPENS', 'TFWS', 'EWS']
2025-07-09 22:12:18,003 - INFO -     Processing Data Row (Stage I): ['I', '68716 (75.5247196)', '50727 (82.5540242)', '77306 (72.1467831)']
2025-07-09 22:12:18,003 - INFO - Page 10: Updated Level (from PyPDF2 text) to: Home University
2025-07-09 22:12:18,003 - INFO - Page 10: Updated Level (from PyPDF2 text) to: Home University Seats Allotted to Home University Candidates
2025-07-09 22:12:18,003 - INFO - Page 10: Updated Level (from PyPDF2 text) to: Home University Seats Allotted to Other Than Home University Candidates
2025-07-09 22:12:18,004 - INFO - Page 10: Updated Level (from PyPDF2 text) to: Other Than Home University Seats Allotted to Other Than Home University Candidates
2025-07-09 22:12:18,004 - INFO - Page 10: Updated Level (from PyPDF2 text) to: State Level
2025-07-09 22:12:18,004 - INFO - Page 10: Updated Level (from PyPDF2 text) to: State Level
2025-07-09 22:12:18,004 - INFO - Processing Page: 11
2025-07-09 22:12:18,018 - INFO - Page 11: Matched College (from PyPDF2 text): 01012 - Government College of Engineering,Yavatmal
2025-07-09 22:12:18,018 - INFO - Page 11: Matched Course (from PyPDF2 text): 0101261210 - Mechanical Engineering
2025-07-09 22:12:18,019 - INFO - Page 11: Matched Status (from PyPDF2 text): Government Home University : Sant Gadge Baba Amravati University
2025-07-09 22:12:18,167 - INFO - Page 11: PDFPlumber found 4 tables for course Mechanical Engineering.
2025-07-09 22:12:18,167 - INFO -   Processing PDFPlumber table 1 on page 11 for course Mechanical Engineering
2025-07-09 22:12:18,167 - INFO -     Identified Header Row: ['', 'GOPENH', 'GSCH', 'GSTH', 'GVJH', 'GNT2H', 'GNT3H', 'GOBCH', 'GSEBCH', 'LOPENH', 'LSCH', 'LSTH', 'LNT1H', 'LNT2H', 'LOBCH']
2025-07-09 22:12:18,167 - INFO -     Processing Data Row (Stage I): ['I', '90328 (66.1855163)', '125460 (47.6302148)', '163788 (18.5767410)', '101458 (60.5967420)', '117610 (52.2046883)', '102512 (60.2951569)', '99029 (62.7875345)', '105086 (59.8892661)', '85358 (68.4785771)', '123130 (48.8696809)', '161304 (21.0368242)', '156769 (24.7657909)', '142317 (36.6283954)', '104595 (59.9791975)']
2025-07-09 22:12:18,167 - INFO -   Processing PDFPlumber table 2 on page 11 for course Mechanical Engineering
2025-07-09 22:12:18,167 - INFO -     Identified Header Row: ['', 'GSEBCH', 'LSEBCH']
2025-07-09 22:12:18,167 - INFO -     Processing Data Row (Stage I): ['I', '104499 (60.0743746)', '136907 (40.1585977)']
2025-07-09 22:12:18,167 - INFO -   Processing PDFPlumber table 3 on page 11 for course Mechanical Engineering
2025-07-09 22:12:18,167 - INFO -     Identified Header Row: ['', 'GOPENO', 'GSCO', 'GSTO', 'GVJO', 'GOBCO', 'GSEBCO', 'LOPENO', 'LSCO']
2025-07-09 22:12:18,167 - INFO -     Processing Data Row (Stage I): ['I', '66337 (76.5404634)', '98611 (62.7958080)', '162408 (19.5522021)', '115821 (53.7424491)', '75608 (72.8176141)', '95767 (63.5258359)', '56701 (80.3003309)', '141196 (37.2130338)']
2025-07-09 22:12:18,167 - INFO -   Processing PDFPlumber table 4 on page 11 for course Mechanical Engineering
2025-07-09 22:12:18,168 - INFO -     Identified Header Row: ['', 'TFWS', 'EWS']
2025-07-09 22:12:18,168 - INFO -     Processing Data Row (Stage I): ['I', '68011 (76.0337773)', '149107 (31.3198919)']
2025-07-09 22:12:18,168 - INFO - Page 11: Updated Level (from PyPDF2 text) to: Home University
2025-07-09 22:12:18,168 - INFO - Page 11: Updated Level (from PyPDF2 text) to: Home University Seats Allotted to Home University Candidates
2025-07-09 22:12:18,168 - INFO - Page 11: Updated Level (from PyPDF2 text) to: Home University Seats Allotted to Other Than Home University Candidates
2025-07-09 22:12:18,168 - INFO - Page 11: Updated Level (from PyPDF2 text) to: Other Than Home University Seats Allotted to Other Than Home University Candidates
2025-07-09 22:12:18,168 - INFO - Page 11: Updated Level (from PyPDF2 text) to: State Level
2025-07-09 22:12:18,168 - INFO - Page 11: Updated Level (from PyPDF2 text) to: State Level
2025-07-09 22:12:18,168 - INFO - Processing Page: 12
2025-07-09 22:12:18,183 - INFO - Page 12: Matched College (from PyPDF2 text): 01101 - Shri Sant Gajanan Maharaj College of Engineering,Shegaon
2025-07-09 22:12:18,183 - INFO - Page 12: Matched Course (from PyPDF2 text): 0110124210 - Computer Science and Engineering
2025-07-09 22:12:18,183 - INFO - Page 12: Matched Status (from PyPDF2 text): Un-Aided Home University : Sant Gadge Baba Amravati University
2025-07-09 22:12:18,325 - INFO - Page 12: PDFPlumber found 3 tables for course Computer Science and Engineering.
2025-07-09 22:12:18,325 - INFO -   Processing PDFPlumber table 1 on page 12 for course Computer Science and Engineering
2025-07-09 22:12:18,325 - INFO -     Identified Header Row: ['', 'GOPENH', 'GSCH', 'GSTH', 'GVJH', 'GNT3H', 'GOBCH', 'GSEBCH', 'LOPENH', 'LSCH', 'LSTH', 'LOBCH', 'LSEBCH', 'PWDOPENH', 'PWDROBC H']
2025-07-09 22:12:18,325 - INFO -     Processing Data Row (Stage I): ['I', '18078 (93.9958778)', '41589 (85.7790463)', '83040 (69.7604398)', '38843 (86.8030050)', '36270 (87.5899987)', '18942 (93.7135944)', '22737 (92.4273158)', '16471 (94.5242070)', '30192 (89.8747850)', '22180 (92.6335559)', '17503 (94.1728861)', '20919 (93.0349499)', '48092 (83.5073164)', '134645 (42.1597155)']
2025-07-09 22:12:18,325 - INFO -   Processing PDFPlumber table 2 on page 12 for course Computer Science and Engineering
2025-07-09 22:12:18,325 - INFO -     Identified Header Row: ['', 'GOPENO', 'GSCO', 'GNT1O', 'GNT2O', 'GOBCO', 'LOPENO', 'LOBCO', 'LSEBCO']
2025-07-09 22:12:18,325 - INFO -     Processing Data Row (Stage I): ['I', '13329 (95.5794695)', '33265 (88.7353399)', '26438 (91.1978661)', '38482 (86.8553381)', '15448 (94.8378933)', '15204 (94.9881677)', '17860 (94.0759119)', '21066 (92.9711565)']
2025-07-09 22:12:18,325 - INFO -   Processing PDFPlumber table 3 on page 12 for course Computer Science and Engineering
2025-07-09 22:12:18,325 - INFO -     Identified Header Row: ['', 'DEFOPENS', 'TFWS', 'EWS']
2025-07-09 22:12:18,325 - INFO -     Processing Data Row (Stage I): ['I', '54110 (81.2928705)', '13505 (95.5193118)', '26554 (91.1269352)']
2025-07-09 22:12:18,325 - INFO - Page 12: Updated Level (from PyPDF2 text) to: Home University
2025-07-09 22:12:18,326 - INFO - Page 12: Updated Level (from PyPDF2 text) to: Home University Seats Allotted to Home University Candidates
2025-07-09 22:12:18,326 - INFO - Page 12: Updated Level (from PyPDF2 text) to: Other Than Home University Seats Allotted to Other Than Home University Candidates
2025-07-09 22:12:18,326 - INFO - Page 12: Updated Level (from PyPDF2 text) to: State Level
2025-07-09 22:12:18,326 - INFO - Page 12: Updated Level (from PyPDF2 text) to: State Level
2025-07-09 22:12:18,326 - INFO - Processing Page: 13
2025-07-09 22:12:18,341 - INFO - Page 13: Matched College (from PyPDF2 text): 01101 - Shri Sant Gajanan Maharaj College of Engineering,Shegaon
2025-07-09 22:12:18,341 - INFO - Page 13: Matched Course (from PyPDF2 text): 0110124610 - Information Technology
2025-07-09 22:12:18,341 - INFO - Page 13: Matched Status (from PyPDF2 text): Un-Aided Home University : Sant Gadge Baba Amravati University
2025-07-09 22:12:18,488 - INFO - Page 13: PDFPlumber found 3 tables for course Information Technology.
2025-07-09 22:12:18,488 - INFO -   Processing PDFPlumber table 1 on page 13 for course Information Technology
2025-07-09 22:12:18,488 - INFO -     Identified Header Row: ['', 'GOPENH', 'GSCH', 'GSTH', 'GNT1H', 'GNT2H', 'GOBCH', 'GSEBCH', 'LOPENH', 'LSCH', 'LSTH', 'LVJH', 'LOBCH', 'LSEBCH', 'PWDOPENH']
2025-07-09 22:12:18,488 - INFO -     Processing Data Row (Stage I): ['I', '21234 (92.9153295)', '43901 (84.8861370)', '108501 (57.2537563)', '33250 (88.7353399)', '24171 (91.9365609)', '22158 (92.6335559)', '32858 (88.8902360)', '19619 (93.4764585)', '45612 (84.3369649)', '85188 (68.7156482)', '56577 (80.3003309)', '20321 (93.2403522)', '25328 (91.5509861)', '119927 (50.9307179)']
2025-07-09 22:12:18,489 - INFO -   Processing PDFPlumber table 2 on page 13 for course Information Technology
2025-07-09 22:12:18,489 - INFO -     Identified Header Row: ['', 'GOPENO', 'GSCO', 'GOBCO', 'GSEBCO', 'LOPENO', 'LSCO', 'LSTO', 'LOBCO']
2025-07-09 22:12:18,489 - INFO -     Processing Data Row (Stage I): ['I', '21746 (92.7315754)', '36576 (87.5036363)', '23336 (92.2405432)', '30040 (89.8898358)', '18069 (93.9958778)', '43105 (85.2662319)', '130021 (44.8929536)', '21062 (92.9711565)']
2025-07-09 22:12:18,489 - INFO -   Processing PDFPlumber table 3 on page 13 for course Information Technology
2025-07-09 22:12:18,489 - INFO -     Identified Header Row: ['', 'DEFOPENS', 'TFWS', 'EWS']
2025-07-09 22:12:18,489 - INFO -     Processing Data Row (Stage I): ['I', '68189 (75.8854903)', '14798 (95.0547190)', '31340 (89.3907269)']
2025-07-09 22:12:18,489 - INFO - Page 13: Updated Level (from PyPDF2 text) to: Home University
2025-07-09 22:12:18,489 - INFO - Page 13: Updated Level (from PyPDF2 text) to: Home University Seats Allotted to Home University Candidates
2025-07-09 22:12:18,489 - INFO - Page 13: Updated Level (from PyPDF2 text) to: Other Than Home University Seats Allotted to Other Than Home University Candidates
2025-07-09 22:12:18,489 - INFO - Page 13: Updated Level (from PyPDF2 text) to: State Level
2025-07-09 22:12:18,489 - INFO - Page 13: Updated Level (from PyPDF2 text) to: State Level
2025-07-09 22:12:18,489 - INFO - Processing Page: 14
2025-07-09 22:12:18,504 - INFO - Page 14: Matched College (from PyPDF2 text): 01101 - Shri Sant Gajanan Maharaj College of Engineering,Shegaon
2025-07-09 22:12:18,504 - INFO - Page 14: Matched Course (from PyPDF2 text): 0110135610 - Electrical Engg[Electronics and Power]
2025-07-09 22:12:18,504 - INFO - Page 14: Matched Status (from PyPDF2 text): Un-Aided Home University : Sant Gadge Baba Amravati University
2025-07-09 22:12:18,640 - INFO - Page 14: PDFPlumber found 3 tables for course Electrical Engg[Electronics and Power].
2025-07-09 22:12:18,640 - INFO -   Processing PDFPlumber table 1 on page 14 for course Electrical Engg[Electronics and Power]
2025-07-09 22:12:18,640 - INFO -     Identified Header Row: ['', 'GOPENH', 'GSCH', 'GVJH', 'GNT1H', 'GOBCH', 'GSEBCH', 'LOPENH', 'LSCH', 'LNT3H', 'LOBCH']
2025-07-09 22:12:18,640 - INFO -     Processing Data Row (Stage I): ['I', '42998 (85.3422371)', '95094 (63.7045846)', '113379 (54.3920183)', '69948 (75.1972801)', '45659 (84.3369649)', '128770 (45.5784574)', '39172 (86.7111001)', '72446 (74.1162962)', '129596 (45.3423263)', '39797 (86.3062406)']
2025-07-09 22:12:18,641 - INFO -   Processing PDFPlumber table 2 on page 14 for course Electrical Engg[Electronics and Power]
2025-07-09 22:12:18,641 - INFO -     Identified Header Row: ['', 'GOPENO', 'GSCO', 'GSTO', 'GNT2O', 'GOBCO', 'GSEBCO', 'LOPENO', 'LOBCO']
2025-07-09 22:12:18,641 - INFO -     Processing Data Row (Stage I): ['I', '50396 (82.7086811)', '120151 (50.9307179)', '69483 (75.3410409)', '88151 (67.5881106)', '52888 (81.7658119)', '83901 (69.2754730)', '39091 (86.7139959)', '47283 (83.7440631)']
2025-07-09 22:12:18,641 - INFO -   Processing PDFPlumber table 3 on page 14 for course Electrical Engg[Electronics and Power]
2025-07-09 22:12:18,641 - INFO -     Identified Header Row: ['', 'DEFOPENS', 'TFWS', 'EWS']
2025-07-09 22:12:18,641 - INFO -     Processing Data Row (Stage I): ['I', '156499 (25.0606208)', '36779 (87.4969245)', '79363 (71.3988776)']
2025-07-09 22:12:18,641 - INFO - Page 14: Updated Level (from PyPDF2 text) to: Home University
2025-07-09 22:12:18,641 - INFO - Page 14: Updated Level (from PyPDF2 text) to: Home University Seats Allotted to Home University Candidates
2025-07-09 22:12:18,641 - INFO - Page 14: Updated Level (from PyPDF2 text) to: Other Than Home University Seats Allotted to Other Than Home University Candidates
2025-07-09 22:12:18,641 - INFO - Page 14: Updated Level (from PyPDF2 text) to: State Level
2025-07-09 22:12:18,641 - INFO - Page 14: Updated Level (from PyPDF2 text) to: State Level
2025-07-09 22:12:18,642 - INFO - Processing Page: 15
2025-07-09 22:12:18,658 - INFO - Page 15: Matched College (from PyPDF2 text): 01101 - Shri Sant Gajanan Maharaj College of Engineering,Shegaon
2025-07-09 22:12:18,659 - INFO - Page 15: Matched Course (from PyPDF2 text): 0110137210 - Electronics and Telecommunication Engg
2025-07-09 22:12:18,659 - INFO - Page 15: Matched Status (from PyPDF2 text): Un-Aided Home University : Sant Gadge Baba Amravati University
2025-07-09 22:12:18,831 - INFO - Page 15: PDFPlumber found 3 tables for course Electronics and Telecommunication Engg.
2025-07-09 22:12:18,831 - INFO -   Processing PDFPlumber table 1 on page 15 for course Electronics and Telecommunication Engg
2025-07-09 22:12:18,831 - INFO -     Identified Header Row: ['', 'GOPENH', 'GSCH', 'GSTH', 'GVJH', 'GNT2H', 'GNT3H', 'GOBCH', 'GSEBCH', 'LOPENH', 'LSCH', 'LNT1H', 'LNT2H', 'LOBCH', 'LSEBCH']
2025-07-09 22:12:18,831 - INFO -     Processing Data Row (Stage I): ['I', '30973 (89.4907774)', '58860 (79.5235744)', '177463 (3.1374668)', '60004 (79.0646435)', '45736 (84.3179513)', '39316 (86.5743889)', '36284 (87.5899987)', '69801 (75.2159961)', '26425 (91.2367752)', '54424 (81.1614491)', '60570 (78.9173428)', '29816 (89.9248303)', '32993 (88.7813022)', '93482 (65.2298851)']
2025-07-09 22:12:18,831 - INFO -   Processing PDFPlumber table 2 on page 15 for course Electronics and Telecommunication Engg
2025-07-09 22:12:18,831 - INFO -     Identified Header Row: ['', 'GOPENO', 'GSCO', 'GSTO', 'GVJO', 'GNT1O', 'GNT3O', 'GOBCO', 'GSEBCO', 'LOPENO', 'LSCO', 'LSTO', 'LNT2O', 'LSEBCO']
2025-07-09 22:12:18,831 - INFO -     Processing Data Row (Stage I): ['I', '32294 (89.1051648)', '56291 (80.5358903)', '109598 (57.0470967)', '72785 (73.8893284)', '43652 (85.0982359)', '43979 (84.8482325)', '38746 (86.8242361)', '48118 (83.5073164)', '24192 (91.9365609)', '49480 (82.8590175)', '', '48057 (83.5369475)', '34210 (88.5013511)']
2025-07-09 22:12:18,832 - INFO -     Processing Data Row (Stage II): ['II', '', '', '', '', '', '', '', '', '', '', '134225 (42.2207447)', '', '']
2025-07-09 22:12:18,832 - INFO -   Processing PDFPlumber table 3 on page 15 for course Electronics and Telecommunication Engg
2025-07-09 22:12:18,832 - INFO -     Identified Header Row: ['', 'DEFOPENS', 'DEFOBCS', 'TFWS', 'ORPHAN', 'EWS']
2025-07-09 22:12:18,832 - INFO -     Processing Data Row (Stage I): ['I', '76921 (72.2338818)', '150457 (30.4575002)', '25324 (91.5509861)', '105542 (59.3445914)', '63646 (77.7634641)']
2025-07-09 22:12:18,832 - INFO - Page 15: Updated Level (from PyPDF2 text) to: Home University
2025-07-09 22:12:18,832 - INFO - Page 15: Updated Level (from PyPDF2 text) to: Home University Seats Allotted to Home University Candidates
2025-07-09 22:12:18,832 - INFO - Page 15: Updated Level (from PyPDF2 text) to: Other Than Home University Seats Allotted to Other Than Home University Candidates
2025-07-09 22:12:18,832 - INFO - Page 15: Updated Level (from PyPDF2 text) to: State Level
2025-07-09 22:12:18,832 - INFO - Page 15: Updated Level (from PyPDF2 text) to: State Level
2025-07-09 22:12:18,832 - INFO - Processing Page: 16
2025-07-09 22:12:18,850 - INFO - Page 16: Matched College (from PyPDF2 text): 01101 - Shri Sant Gajanan Maharaj College of Engineering,Shegaon
2025-07-09 22:12:18,850 - INFO - Page 16: Matched Course (from PyPDF2 text): 0110161210 - Mechanical Engineering
2025-07-09 22:12:18,850 - INFO - Page 16: Matched Status (from PyPDF2 text): Un-Aided Home University : Sant Gadge Baba Amravati University
2025-07-09 22:12:19,014 - INFO - Page 16: PDFPlumber found 5 tables for course Mechanical Engineering.
2025-07-09 22:12:19,014 - INFO -   Processing PDFPlumber table 1 on page 16 for course Mechanical Engineering
2025-07-09 22:12:19,014 - INFO -     Identified Header Row: ['', 'GOPENH', 'GSCH', 'GSTH', 'GNT1H', 'GNT2H', 'GNT3H', 'GOBCH', 'GSEBCH', 'LOPENH', 'LSCH', 'LSTH', 'LVJH', 'LOBCH', 'PWDOPENH']
2025-07-09 22:12:19,014 - INFO -     Processing Data Row (Stage I): ['I', '57808 (79.9360013)', '82708 (69.8003760)', '133787 (42.2216419)', '61604 (78.4440843)', '70932 (74.6830629)', '99359 (62.7216425)', '63254 (77.8250739)', '132589 (43.1231034)', '59869 (79.1318865)', '83082 (69.7604398)', '164743 (17.7766170)', '149331 (30.9687071)', '62015 (78.1973837)', '170818 (11.4731237)']
2025-07-09 22:12:19,014 - INFO -   Processing PDFPlumber table 2 on page 16 for course Mechanical Engineering
2025-07-09 22:12:19,014 - INFO -     Identified Header Row: ['', 'LSEBCH']
2025-07-09 22:12:19,014 - INFO -     Processing Data Row (Stage II): ['II', '136131 (40.7306838)']
2025-07-09 22:12:19,014 - INFO -   Processing PDFPlumber table 3 on page 16 for course Mechanical Engineering
2025-07-09 22:12:19,015 - INFO -     Identified Header Row: ['', 'GOPENO', 'GSCO', 'GOBCO', 'GSEBCO', 'LOPENO', 'LSCO', 'LOBCO']
2025-07-09 22:12:19,015 - INFO -     Processing Data Row (Stage I): ['I', '55652 (80.6344635)', '106154 (58.5786927)', '61615 (78.4440843)', '133831 (42.2216419)', '52884 (81.7658119)', '160775 (21.4728090)', '73025 (73.8486985)']
2025-07-09 22:12:19,015 - INFO -   Processing PDFPlumber table 4 on page 16 for course Mechanical Engineering
2025-07-09 22:12:19,015 - INFO -     Identified Header Row: ['', 'GSTO']
2025-07-09 22:12:19,015 - INFO -     Processing Data Row (Stage I): ['I', '172410 (9.6053076)']
2025-07-09 22:12:19,015 - INFO -   Processing PDFPlumber table 5 on page 16 for course Mechanical Engineering
2025-07-09 22:12:19,015 - INFO -     Identified Header Row: ['', 'TFWS', 'EWS']
2025-07-09 22:12:19,015 - INFO -     Processing Data Row (Stage I): ['I', '45962 (84.2430574)', '138949 (38.8659877)']
2025-07-09 22:12:19,015 - INFO - Page 16: Updated Level (from PyPDF2 text) to: Home University
2025-07-09 22:12:19,016 - INFO - Page 16: Updated Level (from PyPDF2 text) to: Home University Seats Allotted to Home University Candidates
2025-07-09 22:12:19,016 - INFO - Page 16: Updated Level (from PyPDF2 text) to: Home University Seats Allotted to Other Than Home University Candidates
2025-07-09 22:12:19,016 - INFO - Page 16: Updated Level (from PyPDF2 text) to: Other Than Home University Seats Allotted to Other Than Home University Candidates
2025-07-09 22:12:19,016 - INFO - Page 16: Updated Level (from PyPDF2 text) to: Home University Seats Allotted to Home University Candidates
2025-07-09 22:12:19,016 - INFO - Page 16: Updated Level (from PyPDF2 text) to: State Level
2025-07-09 22:12:19,016 - INFO - Page 16: Updated Level (from PyPDF2 text) to: State Level
2025-07-09 22:12:19,016 - INFO - Processing Page: 17
2025-07-09 22:12:19,113 - INFO - Page 17: Matched College (from PyPDF2 text): 01105 - Prof. Ram Meghe Institute of Technology & Research, Amravati
2025-07-09 22:12:19,114 - INFO - Page 17: Matched Course (from PyPDF2 text): 0110519110 - Civil Engineering
2025-07-09 22:12:19,114 - INFO - Page 17: Matched Status (from PyPDF2 text): Un-Aided Autonomous Home University : Autonomous Institute
2025-07-09 22:12:19,465 - INFO - Page 17: PDFPlumber found 4 tables for course Civil Engineering.
2025-07-09 22:12:19,466 - INFO -   Processing PDFPlumber table 1 on page 17 for course Civil Engineering
2025-07-09 22:12:19,466 - INFO -     Identified Header Row: ['', 'GOPENS', 'GSCS', 'GSTS', 'GVJS', 'GNT1S', 'GNT2S', 'GNT3S', 'GOBCS', 'LOPENS', 'LSCS', 'LSTS', 'LVJS', 'LNT1S', 'LNT2S', 'LNT3S', 'LOBCS', 'LSEBCS', 'PWDOPENS', 'TFWS', 'EWS']
2025-07-09 22:12:19,466 - INFO -     Processing Data Row (Stage I): ['I', '94924 (63.9612515)', '120140 (50.9307179)', '173884 (7.8241614)', '111595 (55.3559436)', '124784 (47.9842799)', '119385 (51.2170385)', '115221 (53.8203081)', '107296 (57.8688386)', '101818 (60.5467050)', '112729 (55.0733859)', '167764 (14.7377685)', '133043 (42.8773305)', '126821 (46.5102928)', '122198 (49.7949643)', '', '108504 (57.2537563)', '153626 (27.6622718)', '169905 (12.6044134)', '83207 (69.7604398)', '174949 (6.3063439)']
2025-07-09 22:12:19,466 - INFO -     Processing Data Row (Stage II): ['II', '', '', '', '', '', '', '', '', '', '', '', '', '', '', '130983 (44.3676458)', '', '', '', '', '']
2025-07-09 22:12:19,466 - INFO -   Processing PDFPlumber table 2 on page 17 for course Civil Engineering
2025-07-09 22:12:19,466 - INFO -     Identified Header Row: ['', 'GOPENS', 'GSCS', 'GSTS', 'GVJS', 'GNT1S', 'GNT2S', 'GNT3S', 'GOBCS', 'GSEBCS', 'LOPENS', 'LSCS', 'LSTS', 'LVJS', 'LNT1S', 'LNT2S', 'LOBCS', 'LSEBCS', 'PWDOPENS', 'PWDOBCS', 'DEFOPENS', 'DEFSCS', 'DEFOBCS', 'TFWS', 'PWDRSTS', 'DEFROBCS', 'EWS']
2025-07-09 22:12:19,466 - INFO -     Processing Data Row (Stage I): ['I', '31294 (89.3907269)', '44534 (84.6402007)', '106482 (58.1588042)', '46488 (84.0259309)', '41057 (86.0755637)', '45799 (84.3179513)', '73049 (73.8486985)', '32152 (89.1373005)', '59201 (79.4055287)', '27230 (90.8626784)', '35497 (88.0194481)', '123666 (48.7779490)', '68538 (75.6212581)', '31640 (89.3071786)', '30739 (89.6809750)', '31325 (89.3907269)', '57695 (79.9360013)', '158375 (23.9858471)', '165513 (16.7391126)', '68310 (75.7359803)', '93902 (65.0377535)', '87098 (67.8440824)', '19100 (93.6711065)', '166060 (16.2423214)', '72095 (74.3614357)', '48345 (83.4700421)']
2025-07-09 22:12:19,467 - INFO -   Processing PDFPlumber table 3 on page 17 for course Civil Engineering
2025-07-09 22:12:19,467 - INFO -     Identified Header Row: ['', 'GOPENS', 'GSCS', 'GSTS', 'GVJS', 'GNT1S', 'GNT2S', 'GOBCS', 'GSEBCS', 'LOPENS', 'LSCS', 'LSTS', 'LVJS', 'LNT2S', 'LNT3S', 'LOBCS', 'LSEBCS', 'PWDOPENS', 'DEFOPENS', 'DEFSCS', 'TFWS', 'EWS']
2025-07-09 22:12:19,467 - INFO -     Processing Data Row (Stage I): ['I', '37080 (87.4463921)', '53210 (81.6588250)', '177229 (3.4995855)', '50391 (82.7086811)', '47900 (83.5380246)', '50724 (82.5540242)', '38680 (86.8242361)', '80601 (70.6178643)', '33326 (88.7353399)', '53189 (81.6588250)', '131375 (43.9565943)', '63498 (77.8206850)', '44623 (84.6087386)', '70270 (75.0114283)', '37712 (87.1298889)', '96813 (63.2340107)', '177197 (3.5587921)', '128024 (46.3188381)', '147315 (32.8344132)', '21921 (92.7090329)', '73651 (73.7743452)']
2025-07-09 22:12:19,467 - INFO -   Processing PDFPlumber table 4 on page 17 for course Civil Engineering
2025-07-09 22:12:19,467 - INFO -     Identified Header Row: ['', 'GOPENS', 'GSCS', 'GSTS', 'GVJS', 'GNT1S', 'GNT2S', 'GNT3S', 'GOBCS', 'GSEBCS', 'LOPENS', 'LSCS', 'LVJS', 'LNT1S', 'LNT2S', 'LOBCS', 'LSEBCS', 'DEFOPENS', 'TFWS', 'EWS']
2025-07-09 22:12:19,467 - INFO -     Processing Data Row (Stage I): ['I', '44356 (84.7973394)', '62849 (77.8445199)', '156563 (25.0606208)', '71479 (74.4421543)', '61959 (78.1973837)', '58452 (79.5290328)', '90490 (66.0164943)', '47023 (83.7447544)', '145430 (34.2191386)', '42604 (85.3822102)', '56769 (80.2743712)', '108301 (57.2537563)', '76417 (72.5041736)', '68714 (75.6212581)', '46164 (84.2156613)', '75677 (72.8176141)', '142338 (36.6283954)', '27783 (90.7095159)', '100745 (60.8485656)']
2025-07-09 22:12:19,467 - INFO - Page 17: Updated Level (from PyPDF2 text) to: Home University
2025-07-09 22:12:19,467 - INFO - Page 17: Updated Level (from PyPDF2 text) to: State Level
2025-07-09 22:12:19,468 - INFO - Page 17: Matched Course (from PyPDF2 text): 0110524210 - Computer Science and Engineering
2025-07-09 22:12:19,468 - INFO - Page 17: Matched Status (from PyPDF2 text): Un-Aided Autonomous Home University : Autonomous Institute
2025-07-09 22:12:19,534 - INFO - Page 17: PDFPlumber found 4 tables for course Computer Science and Engineering.
2025-07-09 22:12:19,535 - INFO -   Processing PDFPlumber table 1 on page 17 for course Computer Science and Engineering
2025-07-09 22:12:19,535 - INFO -     Identified Header Row: ['', 'GOPENS', 'GSCS', 'GSTS', 'GVJS', 'GNT1S', 'GNT2S', 'GNT3S', 'GOBCS', 'LOPENS', 'LSCS', 'LSTS', 'LVJS', 'LNT1S', 'LNT2S', 'LNT3S', 'LOBCS', 'LSEBCS', 'PWDOPENS', 'TFWS', 'EWS']
2025-07-09 22:12:19,535 - INFO -     Processing Data Row (Stage I): ['I', '94924 (63.9612515)', '120140 (50.9307179)', '173884 (7.8241614)', '111595 (55.3559436)', '124784 (47.9842799)', '119385 (51.2170385)', '115221 (53.8203081)', '107296 (57.8688386)', '101818 (60.5467050)', '112729 (55.0733859)', '167764 (14.7377685)', '133043 (42.8773305)', '126821 (46.5102928)', '122198 (49.7949643)', '', '108504 (57.2537563)', '153626 (27.6622718)', '169905 (12.6044134)', '83207 (69.7604398)', '174949 (6.3063439)']
2025-07-09 22:12:19,535 - INFO -     Processing Data Row (Stage II): ['II', '', '', '', '', '', '', '', '', '', '', '', '', '', '', '130983 (44.3676458)', '', '', '', '', '']
2025-07-09 22:12:19,535 - INFO -   Processing PDFPlumber table 2 on page 17 for course Computer Science and Engineering
2025-07-09 22:12:19,535 - INFO -     Identified Header Row: ['', 'GOPENS', 'GSCS', 'GSTS', 'GVJS', 'GNT1S', 'GNT2S', 'GNT3S', 'GOBCS', 'GSEBCS', 'LOPENS', 'LSCS', 'LSTS', 'LVJS', 'LNT1S', 'LNT2S', 'LOBCS', 'LSEBCS', 'PWDOPENS', 'PWDOBCS', 'DEFOPENS', 'DEFSCS', 'DEFOBCS', 'TFWS', 'PWDRSTS', 'DEFROBCS', 'EWS']
2025-07-09 22:12:19,535 - INFO -     Processing Data Row (Stage I): ['I', '31294 (89.3907269)', '44534 (84.6402007)', '106482 (58.1588042)', '46488 (84.0259309)', '41057 (86.0755637)', '45799 (84.3179513)', '73049 (73.8486985)', '32152 (89.1373005)', '59201 (79.4055287)', '27230 (90.8626784)', '35497 (88.0194481)', '123666 (48.7779490)', '68538 (75.6212581)', '31640 (89.3071786)', '30739 (89.6809750)', '31325 (89.3907269)', '57695 (79.9360013)', '158375 (23.9858471)', '165513 (16.7391126)', '68310 (75.7359803)', '93902 (65.0377535)', '87098 (67.8440824)', '19100 (93.6711065)', '166060 (16.2423214)', '72095 (74.3614357)', '48345 (83.4700421)']
2025-07-09 22:12:19,535 - INFO -   Processing PDFPlumber table 3 on page 17 for course Computer Science and Engineering
2025-07-09 22:12:19,536 - INFO -     Identified Header Row: ['', 'GOPENS', 'GSCS', 'GSTS', 'GVJS', 'GNT1S', 'GNT2S', 'GOBCS', 'GSEBCS', 'LOPENS', 'LSCS', 'LSTS', 'LVJS', 'LNT2S', 'LNT3S', 'LOBCS', 'LSEBCS', 'PWDOPENS', 'DEFOPENS', 'DEFSCS', 'TFWS', 'EWS']
2025-07-09 22:12:19,536 - INFO -     Processing Data Row (Stage I): ['I', '37080 (87.4463921)', '53210 (81.6588250)', '177229 (3.4995855)', '50391 (82.7086811)', '47900 (83.5380246)', '50724 (82.5540242)', '38680 (86.8242361)', '80601 (70.6178643)', '33326 (88.7353399)', '53189 (81.6588250)', '131375 (43.9565943)', '63498 (77.8206850)', '44623 (84.6087386)', '70270 (75.0114283)', '37712 (87.1298889)', '96813 (63.2340107)', '177197 (3.5587921)', '128024 (46.3188381)', '147315 (32.8344132)', '21921 (92.7090329)', '73651 (73.7743452)']
2025-07-09 22:12:19,536 - INFO -   Processing PDFPlumber table 4 on page 17 for course Computer Science and Engineering
2025-07-09 22:12:19,536 - INFO -     Identified Header Row: ['', 'GOPENS', 'GSCS', 'GSTS', 'GVJS', 'GNT1S', 'GNT2S', 'GNT3S', 'GOBCS', 'GSEBCS', 'LOPENS', 'LSCS', 'LVJS', 'LNT1S', 'LNT2S', 'LOBCS', 'LSEBCS', 'DEFOPENS', 'TFWS', 'EWS']
2025-07-09 22:12:19,536 - INFO -     Processing Data Row (Stage I): ['I', '44356 (84.7973394)', '62849 (77.8445199)', '156563 (25.0606208)', '71479 (74.4421543)', '61959 (78.1973837)', '58452 (79.5290328)', '90490 (66.0164943)', '47023 (83.7447544)', '145430 (34.2191386)', '42604 (85.3822102)', '56769 (80.2743712)', '108301 (57.2537563)', '76417 (72.5041736)', '68714 (75.6212581)', '46164 (84.2156613)', '75677 (72.8176141)', '142338 (36.6283954)', '27783 (90.7095159)', '100745 (60.8485656)']
2025-07-09 22:12:19,536 - INFO - Page 17: Updated Level (from PyPDF2 text) to: Home University
2025-07-09 22:12:19,536 - INFO - Page 17: Updated Level (from PyPDF2 text) to: State Level
2025-07-09 22:12:19,536 - INFO - Page 17: Matched Course (from PyPDF2 text): 0110524610 - Information Technology
2025-07-09 22:12:19,536 - INFO - Page 17: Matched Status (from PyPDF2 text): Un-Aided Autonomous Home University : Autonomous Institute
2025-07-09 22:12:19,604 - INFO - Page 17: PDFPlumber found 4 tables for course Information Technology.
2025-07-09 22:12:19,604 - INFO -   Processing PDFPlumber table 1 on page 17 for course Information Technology
2025-07-09 22:12:19,604 - INFO -     Identified Header Row: ['', 'GOPENS', 'GSCS', 'GSTS', 'GVJS', 'GNT1S', 'GNT2S', 'GNT3S', 'GOBCS', 'LOPENS', 'LSCS', 'LSTS', 'LVJS', 'LNT1S', 'LNT2S', 'LNT3S', 'LOBCS', 'LSEBCS', 'PWDOPENS', 'TFWS', 'EWS']
2025-07-09 22:12:19,604 - INFO -     Processing Data Row (Stage I): ['I', '94924 (63.9612515)', '120140 (50.9307179)', '173884 (7.8241614)', '111595 (55.3559436)', '124784 (47.9842799)', '119385 (51.2170385)', '115221 (53.8203081)', '107296 (57.8688386)', '101818 (60.5467050)', '112729 (55.0733859)', '167764 (14.7377685)', '133043 (42.8773305)', '126821 (46.5102928)', '122198 (49.7949643)', '', '108504 (57.2537563)', '153626 (27.6622718)', '169905 (12.6044134)', '83207 (69.7604398)', '174949 (6.3063439)']
2025-07-09 22:12:19,604 - INFO -     Processing Data Row (Stage II): ['II', '', '', '', '', '', '', '', '', '', '', '', '', '', '', '130983 (44.3676458)', '', '', '', '', '']
2025-07-09 22:12:19,604 - INFO -   Processing PDFPlumber table 2 on page 17 for course Information Technology
2025-07-09 22:12:19,604 - INFO -     Identified Header Row: ['', 'GOPENS', 'GSCS', 'GSTS', 'GVJS', 'GNT1S', 'GNT2S', 'GNT3S', 'GOBCS', 'GSEBCS', 'LOPENS', 'LSCS', 'LSTS', 'LVJS', 'LNT1S', 'LNT2S', 'LOBCS', 'LSEBCS', 'PWDOPENS', 'PWDOBCS', 'DEFOPENS', 'DEFSCS', 'DEFOBCS', 'TFWS', 'PWDRSTS', 'DEFROBCS', 'EWS']
2025-07-09 22:12:19,604 - INFO -     Processing Data Row (Stage I): ['I', '31294 (89.3907269)', '44534 (84.6402007)', '106482 (58.1588042)', '46488 (84.0259309)', '41057 (86.0755637)', '45799 (84.3179513)', '73049 (73.8486985)', '32152 (89.1373005)', '59201 (79.4055287)', '27230 (90.8626784)', '35497 (88.0194481)', '123666 (48.7779490)', '68538 (75.6212581)', '31640 (89.3071786)', '30739 (89.6809750)', '31325 (89.3907269)', '57695 (79.9360013)', '158375 (23.9858471)', '165513 (16.7391126)', '68310 (75.7359803)', '93902 (65.0377535)', '87098 (67.8440824)', '19100 (93.6711065)', '166060 (16.2423214)', '72095 (74.3614357)', '48345 (83.4700421)']
2025-07-09 22:12:19,605 - INFO -   Processing PDFPlumber table 3 on page 17 for course Information Technology
2025-07-09 22:12:19,605 - INFO -     Identified Header Row: ['', 'GOPENS', 'GSCS', 'GSTS', 'GVJS', 'GNT1S', 'GNT2S', 'GOBCS', 'GSEBCS', 'LOPENS', 'LSCS', 'LSTS', 'LVJS', 'LNT2S', 'LNT3S', 'LOBCS', 'LSEBCS', 'PWDOPENS', 'DEFOPENS', 'DEFSCS', 'TFWS', 'EWS']
2025-07-09 22:12:19,605 - INFO -     Processing Data Row (Stage I): ['I', '37080 (87.4463921)', '53210 (81.6588250)', '177229 (3.4995855)', '50391 (82.7086811)', '47900 (83.5380246)', '50724 (82.5540242)', '38680 (86.8242361)', '80601 (70.6178643)', '33326 (88.7353399)', '53189 (81.6588250)', '131375 (43.9565943)', '63498 (77.8206850)', '44623 (84.6087386)', '70270 (75.0114283)', '37712 (87.1298889)', '96813 (63.2340107)', '177197 (3.5587921)', '128024 (46.3188381)', '147315 (32.8344132)', '21921 (92.7090329)', '73651 (73.7743452)']
2025-07-09 22:12:19,605 - INFO -   Processing PDFPlumber table 4 on page 17 for course Information Technology
2025-07-09 22:12:19,605 - INFO -     Identified Header Row: ['', 'GOPENS', 'GSCS', 'GSTS', 'GVJS', 'GNT1S', 'GNT2S', 'GNT3S', 'GOBCS', 'GSEBCS', 'LOPENS', 'LSCS', 'LVJS', 'LNT1S', 'LNT2S', 'LOBCS', 'LSEBCS', 'DEFOPENS', 'TFWS', 'EWS']
2025-07-09 22:12:19,605 - INFO -     Processing Data Row (Stage I): ['I', '44356 (84.7973394)', '62849 (77.8445199)', '156563 (25.0606208)', '71479 (74.4421543)', '61959 (78.1973837)', '58452 (79.5290328)', '90490 (66.0164943)', '47023 (83.7447544)', '145430 (34.2191386)', '42604 (85.3822102)', '56769 (80.2743712)', '108301 (57.2537563)', '76417 (72.5041736)', '68714 (75.6212581)', '46164 (84.2156613)', '75677 (72.8176141)', '142338 (36.6283954)', '27783 (90.7095159)', '100745 (60.8485656)']
2025-07-09 22:12:19,605 - INFO - Page 17: Updated Level (from PyPDF2 text) to: Home University
2025-07-09 22:12:19,605 - INFO - Page 17: Updated Level (from PyPDF2 text) to: State Level
2025-07-09 22:12:19,606 - INFO - Page 17: Matched Course (from PyPDF2 text): 0110526310 - Artificial Intelligence (AI) and Data Science
2025-07-09 22:12:19,606 - INFO - Page 17: Matched Status (from PyPDF2 text): Un-Aided Autonomous Home University : Autonomous Institute
2025-07-09 22:12:19,671 - INFO - Page 17: PDFPlumber found 4 tables for course Artificial Intelligence (AI) and Data Science.
2025-07-09 22:12:19,672 - INFO -   Processing PDFPlumber table 1 on page 17 for course Artificial Intelligence (AI) and Data Science
2025-07-09 22:12:19,672 - INFO -     Identified Header Row: ['', 'GOPENS', 'GSCS', 'GSTS', 'GVJS', 'GNT1S', 'GNT2S', 'GNT3S', 'GOBCS', 'LOPENS', 'LSCS', 'LSTS', 'LVJS', 'LNT1S', 'LNT2S', 'LNT3S', 'LOBCS', 'LSEBCS', 'PWDOPENS', 'TFWS', 'EWS']
2025-07-09 22:12:19,672 - INFO -     Processing Data Row (Stage I): ['I', '94924 (63.9612515)', '120140 (50.9307179)', '173884 (7.8241614)', '111595 (55.3559436)', '124784 (47.9842799)', '119385 (51.2170385)', '115221 (53.8203081)', '107296 (57.8688386)', '101818 (60.5467050)', '112729 (55.0733859)', '167764 (14.7377685)', '133043 (42.8773305)', '126821 (46.5102928)', '122198 (49.7949643)', '', '108504 (57.2537563)', '153626 (27.6622718)', '169905 (12.6044134)', '83207 (69.7604398)', '174949 (6.3063439)']
2025-07-09 22:12:19,672 - INFO -     Processing Data Row (Stage II): ['II', '', '', '', '', '', '', '', '', '', '', '', '', '', '', '130983 (44.3676458)', '', '', '', '', '']
2025-07-09 22:12:19,672 - INFO -   Processing PDFPlumber table 2 on page 17 for course Artificial Intelligence (AI) and Data Science
2025-07-09 22:12:19,672 - INFO -     Identified Header Row: ['', 'GOPENS', 'GSCS', 'GSTS', 'GVJS', 'GNT1S', 'GNT2S', 'GNT3S', 'GOBCS', 'GSEBCS', 'LOPENS', 'LSCS', 'LSTS', 'LVJS', 'LNT1S', 'LNT2S', 'LOBCS', 'LSEBCS', 'PWDOPENS', 'PWDOBCS', 'DEFOPENS', 'DEFSCS', 'DEFOBCS', 'TFWS', 'PWDRSTS', 'DEFROBCS', 'EWS']
2025-07-09 22:12:19,672 - INFO -     Processing Data Row (Stage I): ['I', '31294 (89.3907269)', '44534 (84.6402007)', '106482 (58.1588042)', '46488 (84.0259309)', '41057 (86.0755637)', '45799 (84.3179513)', '73049 (73.8486985)', '32152 (89.1373005)', '59201 (79.4055287)', '27230 (90.8626784)', '35497 (88.0194481)', '123666 (48.7779490)', '68538 (75.6212581)', '31640 (89.3071786)', '30739 (89.6809750)', '31325 (89.3907269)', '57695 (79.9360013)', '158375 (23.9858471)', '165513 (16.7391126)', '68310 (75.7359803)', '93902 (65.0377535)', '87098 (67.8440824)', '19100 (93.6711065)', '166060 (16.2423214)', '72095 (74.3614357)', '48345 (83.4700421)']
2025-07-09 22:12:19,672 - INFO -   Processing PDFPlumber table 3 on page 17 for course Artificial Intelligence (AI) and Data Science
2025-07-09 22:12:19,673 - INFO -     Identified Header Row: ['', 'GOPENS', 'GSCS', 'GSTS', 'GVJS', 'GNT1S', 'GNT2S', 'GOBCS', 'GSEBCS', 'LOPENS', 'LSCS', 'LSTS', 'LVJS', 'LNT2S', 'LNT3S', 'LOBCS', 'LSEBCS', 'PWDOPENS', 'DEFOPENS', 'DEFSCS', 'TFWS', 'EWS']
2025-07-09 22:12:19,673 - INFO -     Processing Data Row (Stage I): ['I', '37080 (87.4463921)', '53210 (81.6588250)', '177229 (3.4995855)', '50391 (82.7086811)', '47900 (83.5380246)', '50724 (82.5540242)', '38680 (86.8242361)', '80601 (70.6178643)', '33326 (88.7353399)', '53189 (81.6588250)', '131375 (43.9565943)', '63498 (77.8206850)', '44623 (84.6087386)', '70270 (75.0114283)', '37712 (87.1298889)', '96813 (63.2340107)', '177197 (3.5587921)', '128024 (46.3188381)', '147315 (32.8344132)', '21921 (92.7090329)', '73651 (73.7743452)']
2025-07-09 22:12:19,673 - INFO -   Processing PDFPlumber table 4 on page 17 for course Artificial Intelligence (AI) and Data Science
2025-07-09 22:12:19,673 - INFO -     Identified Header Row: ['', 'GOPENS', 'GSCS', 'GSTS', 'GVJS', 'GNT1S', 'GNT2S', 'GNT3S', 'GOBCS', 'GSEBCS', 'LOPENS', 'LSCS', 'LVJS', 'LNT1S', 'LNT2S', 'LOBCS', 'LSEBCS', 'DEFOPENS', 'TFWS', 'EWS']
2025-07-09 22:12:19,673 - INFO -     Processing Data Row (Stage I): ['I', '44356 (84.7973394)', '62849 (77.8445199)', '156563 (25.0606208)', '71479 (74.4421543)', '61959 (78.1973837)', '58452 (79.5290328)', '90490 (66.0164943)', '47023 (83.7447544)', '145430 (34.2191386)', '42604 (85.3822102)', '56769 (80.2743712)', '108301 (57.2537563)', '76417 (72.5041736)', '68714 (75.6212581)', '46164 (84.2156613)', '75677 (72.8176141)', '142338 (36.6283954)', '27783 (90.7095159)', '100745 (60.8485656)']
2025-07-09 22:12:19,673 - INFO - Page 17: Updated Level (from PyPDF2 text) to: Home University
2025-07-09 22:12:19,673 - INFO - Page 17: Updated Level (from PyPDF2 text) to: State Level
2025-07-09 22:12:19,673 - INFO - Page 17: Updated Level (from PyPDF2 text) to: State Level
2025-07-09 22:12:19,806 - INFO - --- Finished regex-based processing. 1213 rows saved to standalone_17_page_run_output.csv ---
