2025-07-05 00:00:11,179 - INFO - Starting extraction from PDF: 2024-Cutoff-Maharashtra.pdf
2025-07-05 00:00:11,221 - INFO - --- Processing first page of 2024-Cutoff-Maharashtra.pdf ---
2025-07-05 00:00:11,221 - INFO - Line 1: D
2025-07-05 00:00:11,221 - INFO - Line 2: i
2025-07-05 00:00:11,221 - INFO - Line 3: rState Common Entrance Test Cell
2025-07-05 00:00:11,221 - INFO - Line 4: Cut Off List for Maharashtra & Minority Seats of CAP Round I  for Admission to First Year of Four Year
2025-07-05 00:00:11,221 - INFO - Line 5: Degree Courses In Engineering and Technology & Master of Engineering and Technology (Integrated 5 Years ) for the Year 2024-25Government of Maharashtra
2025-07-05 00:00:11,221 - INFO - Line 6: 01002 - Government College of Engineering, Amravati
2025-07-05 00:00:11,221 - INFO - Line 7: 0100219110 - Civil Engineering
2025-07-05 00:00:11,221 - INFO - Line 8: Status: Government Autonomous Home University :  Autonomous Institute
2025-07-05 00:00:11,221 - INFO - Line 9: State Level
2025-07-05 00:00:11,221 - INFO - Line 10: GOPENS GSCS GSTS GVJS GNT1S GNT2S GNT3S GOBCS GSEBCS LOPENS LSCS LSTS LVJS LNT2S LOBCS LSEBCS PWDOPENS PWDOBCS DEFOPENS DEFOBCS TFWS PWDROBC
2025-07-05 00:00:11,221 - INFO - Line 11: SDEFRSEBC
2025-07-05 00:00:11,221 - INFO - Line 12: SEWS
2025-07-05 00:00:11,221 - INFO - Line 13:   I 34240
2025-07-05 00:00:11,221 - INFO - Line 14: (88.5013511)62739
2025-07-05 00:00:11,221 - INFO - Line 15: (77.8445199)91124
2025-07-05 00:00:11,221 - INFO - Line 16: (65.8812284)54224
2025-07-05 00:00:11,221 - INFO - Line 17: (81.2928705)34281
2025-07-05 00:00:11,221 - INFO - Line 18: (88.4426131)41658
2025-07-05 00:00:11,221 - INFO - Line 19: (85.7455441)35923
2025-07-05 00:00:11,221 - INFO - Line 20: (87.8945473)42649
2025-07-05 00:00:11,221 - INFO - Line 21: (85.3822102)69130
2025-07-05 00:00:11,221 - INFO - Line 22: (75.3516004)35071
2025-07-05 00:00:11,221 - INFO - Line 23: (88.1228442)47557
2025-07-05 00:00:11,222 - INFO - Line 24: (83.6393990)89332
2025-07-05 00:00:11,222 - INFO - Line 25: (66.8505265)54046
2025-07-05 00:00:11,222 - INFO - Line 26: (81.3738935)80230
2025-07-05 00:00:11,222 - INFO - Line 27: (70.8722936)47396
2025-07-05 00:00:11,222 - INFO - Line 28: (83.6467428)112136
2025-07-05 00:00:11,222 - INFO - Line 29: (55.2318816)115494
2025-07-05 00:00:11,222 - INFO - Line 30: (53.7694785)153595
2025-07-05 00:00:11,222 - INFO - Line 31: (27.6622718)88930
2025-07-05 00:00:11,222 - INFO - Line 32: (67.0458361)124882
2025-07-05 00:00:11,222 - INFO - Line 33: (47.9842799)41891
2025-07-05 00:00:11,222 - INFO - Line 34: (85.5352459)155782
2025-07-05 00:00:11,222 - INFO - Line 35: (25.6482713)120638
2025-07-05 00:00:11,222 - INFO - Line 36: (50.6340761)90204
2025-07-05 00:00:11,222 - INFO - Line 37: (66.1855163)Stage
2025-07-05 00:00:11,222 - INFO - Line 38: 0100224210 - Computer Science and Engineering
2025-07-05 00:00:11,222 - INFO - Line 39: Status: Government Autonomous Home University :  Autonomous Institute
2025-07-05 00:00:11,222 - INFO - Line 40: State Level
2025-07-05 00:00:11,222 - INFO - Line 41: GOPENS GSCS GSTS GVJS GNT1S GNT2S GOBCS GSEBCS LOPENS LSCS LSTS LNT1S LNT3S LOBCS LSEBCS PWDOPENS PWDOBCS DEFOPENS DEFOBCS TFWS PWDRSCS DEFROBCS ORPHAN EWS
2025-07-05 00:00:11,222 - INFO - Line 42:   I 7872
2025-07-05 00:00:11,222 - INFO - Line 43: (97.3911937)17571
2025-07-05 00:00:11,222 - INFO - Line 44: (94.1713006)56026
2025-07-05 00:00:11,222 - INFO - Line 45: (80.5896708)17052
2025-07-05 00:00:11,222 - INFO - Line 46: (94.3331807)16746
2025-07-05 00:00:11,222 - INFO - Line 47: (94.4433332)16443
2025-07-05 00:00:11,222 - INFO - Line 48: (94.5541467)8931
2025-07-05 00:00:11,222 - INFO - Line 49: (97.0436452)15942
2025-07-05 00:00:11,222 - INFO - Line 50: (94.6903844)9308
2025-07-05 00:00:11,222 - INFO - Line 51: (96.9066937)15485
2025-07-05 00:00:11,222 - INFO - Line 52: (94.8376426)45930
2025-07-05 00:00:11,222 - INFO - Line 53: (84.2430574)20457
2025-07-05 00:00:11,222 - INFO - Line 54: (93.2139295)23863
2025-07-05 00:00:11,222 - INFO - Line 55: (92.0214155)9823
2025-07-05 00:00:11,222 - INFO - Line 56: (96.7545639)15409
2025-07-05 00:00:11,222 - INFO - Line 57: (94.8397684)33711
2025-07-05 00:00:11,222 - INFO - Line 58: (88.6037289)49777
2025-07-05 00:00:11,222 - INFO - Line 59: (82.7778711)27598
2025-07-05 00:00:11,222 - INFO - Line 60: (90.7773660)36001
2025-07-05 00:00:11,222 - INFO - Line 61: (87.8152279)5518
2025-07-05 00:00:11,222 - INFO - Line 62: (98.1177725)46875
2025-07-05 00:00:11,222 - INFO - Line 63: (83.7529730)31634
2025-07-05 00:00:11,222 - INFO - Line 64: (89.3071786)40407
2025-07-05 00:00:11,222 - INFO - Line 65: (86.1764583)13851
2025-07-05 00:00:11,222 - INFO - Line 66: (95.3932298)Stage
2025-07-05 00:00:11,222 - INFO - Line 67: 0100224610 - Information Technology
2025-07-05 00:00:11,222 - INFO - Line 68: Status: Government Autonomous Home University :  Autonomous Institute
2025-07-05 00:00:11,222 - INFO - Line 69: State Level
2025-07-05 00:00:11,222 - INFO - Line 70: GOPENS GSCS GSTS GVJS GNT1S GNT2S GNT3S GOBCS GSEBCS LOPENS LSCS LSTS LNT2S LOBCS LSEBCS PWDOPENS PWDOBCS DEFOPENS DEFOBCS TFWS PWDRSCS DEFRNT1S ORPHAN EWS
2025-07-05 00:00:11,222 - INFO - Line 71:   I 12001
2025-07-05 00:00:11,222 - INFO - Line 72: (96.0264086)22810
2025-07-05 00:00:11,222 - INFO - Line 73: (92.4262209)57428
2025-07-05 00:00:11,222 - INFO - Line 74: (80.0615027)22090
2025-07-05 00:00:11,222 - INFO - Line 75: (92.6351162)22548
2025-07-05 00:00:11,222 - INFO - Line 76: (92.5251996)18106
2025-07-05 00:00:11,222 - INFO - Line 77: (93.9913601)17692
2025-07-05 00:00:11,222 - INFO - Line 78: (94.1151780)12727
2025-07-05 00:00:11,222 - INFO - Line 79: (95.8067495)18460
2025-07-05 00:00:11,222 - INFO - Line 80: (93.8710080)11632
2025-07-05 00:00:11,222 - INFO - Line 81: (96.1687682)22774
2025-07-05 00:00:11,222 - INFO - Line 82: (92.4273158)62455
2025-07-05 00:00:11,222 - INFO - Line 83: (78.1496564)20674
2025-07-05 00:00:11,222 - INFO - Line 84: (93.1131822)12683
2025-07-05 00:00:11,222 - INFO - Line 85: (95.8198477)19600
2025-07-05 00:00:11,222 - INFO - Line 86: (93.4764585)84120
2025-07-05 00:00:11,222 - INFO - Line 87: (69.2652564)109674
2025-07-05 00:00:11,222 - INFO - Line 88: (57.0470967)33941
2025-07-05 00:00:11,222 - INFO - Line 89: (88.5539410)51336
2025-07-05 00:00:11,222 - INFO - Line 90: (82.1878954)9964
2025-07-05 00:00:11,222 - INFO - Line 91: (96.7229568)87457
2025-07-05 00:00:11,222 - INFO - Line 92: (67.6869909)37872
2025-07-05 00:00:11,222 - INFO - Line 93: (87.1012785)100069
2025-07-05 00:00:11,222 - INFO - Line 94: (61.6354671)18299
2025-07-05 00:00:11,222 - INFO - Line 95: (93.9032684)Stage
2025-07-05 00:00:11,222 - INFO - Line 96: 0100229310 - Electrical Engineering
2025-07-05 00:00:11,222 - INFO - Line 97: Status: Government Autonomous Home University :  Autonomous Institute
2025-07-05 00:00:11,222 - INFO - Line 98: State Level
2025-07-05 00:00:11,222 - INFO - Line 99: GOPENS GSCS GSTS GVJS GNT2S GNT3S GOBCS GSEBCS LOPENS LSCS LSTS LVJS LNT1S LOBCS LSEBCS PWDOPENS PWDOBCS DEFOPENS DEFOBCS TFWS DEFROBCS ORPHAN EWS
2025-07-05 00:00:11,222 - INFO - Line 100:   I 28736
2025-07-05 00:00:11,222 - INFO - Line 101: (90.3847828)42636
2025-07-05 00:00:11,222 - INFO - Line 102: (85.3822102)109844
2025-07-05 00:00:11,222 - INFO - Line 103: (57.0470967)40155
2025-07-05 00:00:11,222 - INFO - Line 104: (86.2190813)43440
2025-07-05 00:00:11,222 - INFO - Line 105: (85.1704164)64967
2025-07-05 00:00:11,222 - INFO - Line 106: (76.9332320)30164
2025-07-05 00:00:11,222 - INFO - Line 107: (89.8747850)47938
2025-07-05 00:00:11,222 - INFO - Line 108: (83.5369475)25978
2025-07-05 00:00:11,222 - INFO - Line 109: (91.2954950)50448
2025-07-05 00:00:11,222 - INFO - Line 110: (82.7086811)107619
2025-07-05 00:00:11,222 - INFO - Line 111: (57.4142590)43053
2025-07-05 00:00:11,222 - INFO - Line 112: (85.2662319)34017
2025-07-05 00:00:11,222 - INFO - Line 113: (88.5172385)30050
2025-07-05 00:00:11,222 - INFO - Line 114: (89.8755527)61280
2025-07-05 00:00:11,222 - INFO - Line 115: (78.4507504)126496
2025-07-05 00:00:11,222 - INFO - Line 116: (47.0113809)153875
2025-07-05 00:00:11,222 - INFO - Line 117: (27.5123271)48986
2025-07-05 00:00:11,222 - INFO - Line 118: (83.0327460)164128
2025-07-05 00:00:11,223 - INFO - Line 119: (18.5574725)27443
2025-07-05 00:00:11,223 - INFO - Line 120: (90.8058519)82621
2025-07-05 00:00:11,223 - INFO - Line 121: (69.8003760)80761
2025-07-05 00:00:11,223 - INFO - Line 122: (70.5215521)49718
2025-07-05 00:00:11,223 - INFO - Line 123: (82.7820291)Stage
2025-07-05 00:00:11,223 - INFO - Line 124: 1Legends: Starting character G-General, L-Ladies, End character H-Home University, O-Other than Home University,S-State Level, AI- All India Seat.
2025-07-05 00:00:11,223 - INFO - Line 125:  Maharashtra State Seats - Cut Off Indicates Maharashtra State General Merit No.; Figures in bracket Indicates Merit Percentile.
2025-07-05 00:00:11,224 - INFO - --- Finished processing first page ---
